2025-12-08 20:23:17,394 - httpx - INFO - HTTP Request: POST https://api.telegram.org/bot8353713232:AAH9c3MLO5z-o3HRDbHOzs453ysfMFrKFkQ/getMe "HTTP/1.1 200 OK"
2025-12-08 20:23:17,584 - httpx - INFO - HTTP Request: POST https://api.telegram.org/bot8353713232:AAH9c3MLO5z-o3HRDbHOzs453ysfMFrKFkQ/deleteWebhook "HTTP/1.1 200 OK"
2025-12-08 20:23:17,601 - telegram.ext.Application - INFO - Application started
2025-12-08 20:23:28,237 - httpx - INFO - HTTP Request: POST https://api.telegram.org/bot8353713232:AAH9c3MLO5z-o3HRDbHOzs453ysfMFrKFkQ/getUpdates "HTTP/1.1 200 OK"
2025-12-08 20:23:38,477 - httpx - INFO - HTTP Request: POST https://api.telegram.org/bot8353713232:AAH9c3MLO5z-o3HRDbHOzs453ysfMFrKFkQ/getUpdates "HTTP/1.1 200 OK"
2025-12-08 20:23:48,272 - httpx - INFO - HTTP Request: POST https://api.telegram.org/bot8353713232:AAH9c3MLO5z-o3HRDbHOzs453ysfMFrKFkQ/getUpdates "HTTP/1.1 200 OK"
2025-12-08 20:23:49,100 - httpx - INFO - HTTP Request: POST https://api.telegram.org/bot8353713232:AAH9c3MLO5z-o3HRDbHOzs453ysfMFrKFkQ/sendMessage "HTTP/1.1 200 OK"
2025-12-08 20:23:58,473 - httpx - INFO - HTTP Request: POST https://api.telegram.org/bot8353713232:AAH9c3MLO5z-o3HRDbHOzs453ysfMFrKFkQ/getUpdates "HTTP/1.1 200 OK"
2025-12-08 20:24:08,690 - httpx - INFO - HTTP Request: POST https://api.telegram.org/bot8353713232:AAH9c3MLO5z-o3HRDbHOzs453ysfMFrKFkQ/getUpdates "HTTP/1.1 200 OK"
2025-12-08 20:24:11,656 - httpx - INFO - HTTP Request: POST https://api.telegram.org/bot8353713232:AAH9c3MLO5z-o3HRDbHOzs453ysfMFrKFkQ/getUpdates "HTTP/1.1 200 OK"
2025-12-08 20:24:12,435 - httpx - INFO - HTTP Request: POST https://api.telegram.org/bot8353713232:AAH9c3MLO5z-o3HRDbHOzs453ysfMFrKFkQ/answerCallbackQuery "HTTP/1.1 200 OK"
2025-12-08 20:24:12,829 - httpx - INFO - HTTP Request: POST https://api.telegram.org/bot8353713232:AAH9c3MLO5z-o3HRDbHOzs453ysfMFrKFkQ/editMessageText "HTTP/1.1 200 OK"
2025-12-08 20:24:18,517 - httpx - INFO - HTTP Request: POST https://api.telegram.org/bot8353713232:AAH9c3MLO5z-o3HRDbHOzs453ysfMFrKFkQ/getUpdates "HTTP/1.1 200 OK"
2025-12-08 20:24:19,332 - httpx - INFO - HTTP Request: POST https://api.telegram.org/bot8353713232:AAH9c3MLO5z-o3HRDbHOzs453ysfMFrKFkQ/answerCallbackQuery "HTTP/1.1 200 OK"
2025-12-08 20:24:19,714 - httpx - INFO - HTTP Request: POST https://api.telegram.org/bot8353713232:AAH9c3MLO5z-o3HRDbHOzs453ysfMFrKFkQ/editMessageText "HTTP/1.1 400 Bad Request"
2025-12-08 20:24:19,723 - telegram.ext.Application - ERROR - No error handlers are registered, logging exception.
Traceback (most recent call last):
  File "/data/data/com.termux/files/usr/lib/python3.12/site-packages/telegram/ext/_application.py", line 1315, in process_update
    await coroutine
  File "/data/data/com.termux/files/usr/lib/python3.12/site-packages/telegram/ext/_handlers/basehandler.py", line 159, in handle_update
    return await self.callback(update, context)
           ^^^^^^^^^^^^^^^^^^^^^^^^^^^^^^^^^^^^
  File "/storage/emulated/0/Telegram_bot/handlers/user_commands.py", line 67, in button_handler
    await query.edit_message_text(
  File "/data/data/com.termux/files/usr/lib/python3.12/site-packages/telegram/_callbackquery.py", line 268, in edit_message_text
    return await self._get_message().edit_text(
           ^^^^^^^^^^^^^^^^^^^^^^^^^^^^^^^^^^^^
  File "/data/data/com.termux/files/usr/lib/python3.12/site-packages/telegram/_message.py", line 4142, in edit_text
    return await self.get_bot().edit_message_text(
           ^^^^^^^^^^^^^^^^^^^^^^^^^^^^^^^^^^^^^^^
  File "/data/data/com.termux/files/usr/lib/python3.12/site-packages/telegram/ext/_extbot.py", line 1735, in edit_message_text
    return await super().edit_message_text(
           ^^^^^^^^^^^^^^^^^^^^^^^^^^^^^^^^
  File "/data/data/com.termux/files/usr/lib/python3.12/site-packages/telegram/_bot.py", line 4463, in edit_message_text
    return await self._send_message(
           ^^^^^^^^^^^^^^^^^^^^^^^^^
  File "/data/data/com.termux/files/usr/lib/python3.12/site-packages/telegram/ext/_extbot.py", line 634, in _send_message
    result = await super()._send_message(
             ^^^^^^^^^^^^^^^^^^^^^^^^^^^^
  File "/data/data/com.termux/files/usr/lib/python3.12/site-packages/telegram/_bot.py", line 819, in _send_message
    result = await self._post(
             ^^^^^^^^^^^^^^^^^
  File "/data/data/com.termux/files/usr/lib/python3.12/site-packages/telegram/_bot.py", line 703, in _post
    return await self._do_post(
           ^^^^^^^^^^^^^^^^^^^^
  File "/data/data/com.termux/files/usr/lib/python3.12/site-packages/telegram/ext/_extbot.py", line 372, in _do_post
    return await super()._do_post(
           ^^^^^^^^^^^^^^^^^^^^^^^
  File "/data/data/com.termux/files/usr/lib/python3.12/site-packages/telegram/_bot.py", line 732, in _do_post
    result = await request.post(
             ^^^^^^^^^^^^^^^^^^^
  File "/data/data/com.termux/files/usr/lib/python3.12/site-packages/telegram/request/_baserequest.py", line 198, in post
    result = await self._request_wrapper(
             ^^^^^^^^^^^^^^^^^^^^^^^^^^^^
  File "/data/data/com.termux/files/usr/lib/python3.12/site-packages/telegram/request/_baserequest.py", line 375, in _request_wrapper
    raise exception
telegram.error.BadRequest: Message is not modified: specified new message content and reply markup are exactly the same as a current content and reply markup of the message
2025-12-08 20:24:28,857 - httpx - INFO - HTTP Request: POST https://api.telegram.org/bot8353713232:AAH9c3MLO5z-o3HRDbHOzs453ysfMFrKFkQ/getUpdates "HTTP/1.1 200 OK"
2025-12-08 20:24:30,806 - httpx - INFO - HTTP Request: POST https://api.telegram.org/bot8353713232:AAH9c3MLO5z-o3HRDbHOzs453ysfMFrKFkQ/getUpdates "HTTP/1.1 200 OK"
2025-12-08 20:24:31,653 - httpx - INFO - HTTP Request: POST https://api.telegram.org/bot8353713232:AAH9c3MLO5z-o3HRDbHOzs453ysfMFrKFkQ/answerCallbackQuery "HTTP/1.1 200 OK"
2025-12-08 20:24:32,134 - httpx - INFO - HTTP Request: POST https://api.telegram.org/bot8353713232:AAH9c3MLO5z-o3HRDbHOzs453ysfMFrKFkQ/editMessageText "HTTP/1.1 400 Bad Request"
2025-12-08 20:24:32,144 - telegram.ext.Application - ERROR - No error handlers are registered, logging exception.
Traceback (most recent call last):
  File "/data/data/com.termux/files/usr/lib/python3.12/site-packages/telegram/ext/_application.py", line 1315, in process_update
    await coroutine
  File "/data/data/com.termux/files/usr/lib/python3.12/site-packages/telegram/ext/_handlers/basehandler.py", line 159, in handle_update
    return await self.callback(update, context)
           ^^^^^^^^^^^^^^^^^^^^^^^^^^^^^^^^^^^^
  File "/storage/emulated/0/Telegram_bot/handlers/user_commands.py", line 67, in button_handler
    await query.edit_message_text(
  File "/data/data/com.termux/files/usr/lib/python3.12/site-packages/telegram/_callbackquery.py", line 268, in edit_message_text
    return await self._get_message().edit_text(
           ^^^^^^^^^^^^^^^^^^^^^^^^^^^^^^^^^^^^
  File "/data/data/com.termux/files/usr/lib/python3.12/site-packages/telegram/_message.py", line 4142, in edit_text
    return await self.get_bot().edit_message_text(
           ^^^^^^^^^^^^^^^^^^^^^^^^^^^^^^^^^^^^^^^
  File "/data/data/com.termux/files/usr/lib/python3.12/site-packages/telegram/ext/_extbot.py", line 1735, in edit_message_text
    return await super().edit_message_text(
           ^^^^^^^^^^^^^^^^^^^^^^^^^^^^^^^^
  File "/data/data/com.termux/files/usr/lib/python3.12/site-packages/telegram/_bot.py", line 4463, in edit_message_text
    return await self._send_message(
           ^^^^^^^^^^^^^^^^^^^^^^^^^
  File "/data/data/com.termux/files/usr/lib/python3.12/site-packages/telegram/ext/_extbot.py", line 634, in _send_message
    result = await super()._send_message(
             ^^^^^^^^^^^^^^^^^^^^^^^^^^^^
  File "/data/data/com.termux/files/usr/lib/python3.12/site-packages/telegram/_bot.py", line 819, in _send_message
    result = await self._post(
             ^^^^^^^^^^^^^^^^^
  File "/data/data/com.termux/files/usr/lib/python3.12/site-packages/telegram/_bot.py", line 703, in _post
    return await self._do_post(
           ^^^^^^^^^^^^^^^^^^^^
  File "/data/data/com.termux/files/usr/lib/python3.12/site-packages/telegram/ext/_extbot.py", line 372, in _do_post
    return await super()._do_post(
           ^^^^^^^^^^^^^^^^^^^^^^^
  File "/data/data/com.termux/files/usr/lib/python3.12/site-packages/telegram/_bot.py", line 732, in _do_post
    result = await request.post(
             ^^^^^^^^^^^^^^^^^^^
  File "/data/data/com.termux/files/usr/lib/python3.12/site-packages/telegram/request/_baserequest.py", line 198, in post
    result = await self._request_wrapper(
             ^^^^^^^^^^^^^^^^^^^^^^^^^^^^
  File "/data/data/com.termux/files/usr/lib/python3.12/site-packages/telegram/request/_baserequest.py", line 375, in _request_wrapper
    raise exception
telegram.error.BadRequest: Message is not modified: specified new message content and reply markup are exactly the same as a current content and reply markup of the message
2025-12-08 20:24:32,828 - httpx - INFO - HTTP Request: POST https://api.telegram.org/bot8353713232:AAH9c3MLO5z-o3HRDbHOzs453ysfMFrKFkQ/getUpdates "HTTP/1.1 200 OK"
2025-12-08 20:24:33,224 - httpx - INFO - HTTP Request: POST https://api.telegram.org/bot8353713232:AAH9c3MLO5z-o3HRDbHOzs453ysfMFrKFkQ/answerCallbackQuery "HTTP/1.1 200 OK"
2025-12-08 20:24:33,436 - httpx - INFO - HTTP Request: POST https://api.telegram.org/bot8353713232:AAH9c3MLO5z-o3HRDbHOzs453ysfMFrKFkQ/editMessageText "HTTP/1.1 400 Bad Request"
2025-12-08 20:24:33,445 - telegram.ext.Application - ERROR - No error handlers are registered, logging exception.
Traceback (most recent call last):
  File "/data/data/com.termux/files/usr/lib/python3.12/site-packages/telegram/ext/_application.py", line 1315, in process_update
    await coroutine
  File "/data/data/com.termux/files/usr/lib/python3.12/site-packages/telegram/ext/_handlers/basehandler.py", line 159, in handle_update
    return await self.callback(update, context)
           ^^^^^^^^^^^^^^^^^^^^^^^^^^^^^^^^^^^^
  File "/storage/emulated/0/Telegram_bot/handlers/user_commands.py", line 74, in button_handler
    await query.edit_message_text(
  File "/data/data/com.termux/files/usr/lib/python3.12/site-packages/telegram/_callbackquery.py", line 268, in edit_message_text
    return await self._get_message().edit_text(
           ^^^^^^^^^^^^^^^^^^^^^^^^^^^^^^^^^^^^
  File "/data/data/com.termux/files/usr/lib/python3.12/site-packages/telegram/_message.py", line 4142, in edit_text
    return await self.get_bot().edit_message_text(
           ^^^^^^^^^^^^^^^^^^^^^^^^^^^^^^^^^^^^^^^
  File "/data/data/com.termux/files/usr/lib/python3.12/site-packages/telegram/ext/_extbot.py", line 1735, in edit_message_text
    return await super().edit_message_text(
           ^^^^^^^^^^^^^^^^^^^^^^^^^^^^^^^^
  File "/data/data/com.termux/files/usr/lib/python3.12/site-packages/telegram/_bot.py", line 4463, in edit_message_text
    return await self._send_message(
           ^^^^^^^^^^^^^^^^^^^^^^^^^
  File "/data/data/com.termux/files/usr/lib/python3.12/site-packages/telegram/ext/_extbot.py", line 634, in _send_message
    result = await super()._send_message(
             ^^^^^^^^^^^^^^^^^^^^^^^^^^^^
  File "/data/data/com.termux/files/usr/lib/python3.12/site-packages/telegram/_bot.py", line 819, in _send_message
    result = await self._post(
             ^^^^^^^^^^^^^^^^^
  File "/data/data/com.termux/files/usr/lib/python3.12/site-packages/telegram/_bot.py", line 703, in _post
    return await self._do_post(
           ^^^^^^^^^^^^^^^^^^^^
  File "/data/data/com.termux/files/usr/lib/python3.12/site-packages/telegram/ext/_extbot.py", line 372, in _do_post
    return await super()._do_post(
           ^^^^^^^^^^^^^^^^^^^^^^^
  File "/data/data/com.termux/files/usr/lib/python3.12/site-packages/telegram/_bot.py", line 732, in _do_post
    result = await request.post(
             ^^^^^^^^^^^^^^^^^^^
  File "/data/data/com.termux/files/usr/lib/python3.12/site-packages/telegram/request/_baserequest.py", line 198, in post
    result = await self._request_wrapper(
             ^^^^^^^^^^^^^^^^^^^^^^^^^^^^
  File "/data/data/com.termux/files/usr/lib/python3.12/site-packages/telegram/request/_baserequest.py", line 375, in _request_wrapper
    raise exception
telegram.error.BadRequest: Can't parse entities: can't find end of the entity starting at byte offset 475
2025-12-08 20:24:38,215 - httpx - INFO - HTTP Request: POST https://api.telegram.org/bot8353713232:AAH9c3MLO5z-o3HRDbHOzs453ysfMFrKFkQ/getUpdates "HTTP/1.1 200 OK"
2025-12-08 20:24:38,616 - httpx - INFO - HTTP Request: POST https://api.telegram.org/bot8353713232:AAH9c3MLO5z-o3HRDbHOzs453ysfMFrKFkQ/sendMessage "HTTP/1.1 200 OK"
2025-12-08 20:24:42,835 - httpx - INFO - HTTP Request: POST https://api.telegram.org/bot8353713232:AAH9c3MLO5z-o3HRDbHOzs453ysfMFrKFkQ/getUpdates "HTTP/1.1 200 OK"
2025-12-08 20:24:43,227 - httpx - INFO - HTTP Request: POST https://api.telegram.org/bot8353713232:AAH9c3MLO5z-o3HRDbHOzs453ysfMFrKFkQ/answerCallbackQuery "HTTP/1.1 200 OK"
2025-12-08 20:24:43,707 - httpx - INFO - HTTP Request: POST https://api.telegram.org/bot8353713232:AAH9c3MLO5z-o3HRDbHOzs453ysfMFrKFkQ/editMessageText "HTTP/1.1 400 Bad Request"
2025-12-08 20:24:43,717 - telegram.ext.Application - ERROR - No error handlers are registered, logging exception.
Traceback (most recent call last):
  File "/data/data/com.termux/files/usr/lib/python3.12/site-packages/telegram/ext/_application.py", line 1315, in process_update
    await coroutine
  File "/data/data/com.termux/files/usr/lib/python3.12/site-packages/telegram/ext/_handlers/basehandler.py", line 159, in handle_update
    return await self.callback(update, context)
           ^^^^^^^^^^^^^^^^^^^^^^^^^^^^^^^^^^^^
  File "/storage/emulated/0/Telegram_bot/handlers/user_commands.py", line 82, in button_handler
    await query.edit_message_text(
  File "/data/data/com.termux/files/usr/lib/python3.12/site-packages/telegram/_callbackquery.py", line 268, in edit_message_text
    return await self._get_message().edit_text(
           ^^^^^^^^^^^^^^^^^^^^^^^^^^^^^^^^^^^^
  File "/data/data/com.termux/files/usr/lib/python3.12/site-packages/telegram/_message.py", line 4142, in edit_text
    return await self.get_bot().edit_message_text(
           ^^^^^^^^^^^^^^^^^^^^^^^^^^^^^^^^^^^^^^^
  File "/data/data/com.termux/files/usr/lib/python3.12/site-packages/telegram/ext/_extbot.py", line 1735, in edit_message_text
    return await super().edit_message_text(
           ^^^^^^^^^^^^^^^^^^^^^^^^^^^^^^^^
  File "/data/data/com.termux/files/usr/lib/python3.12/site-packages/telegram/_bot.py", line 4463, in edit_message_text
    return await self._send_message(
           ^^^^^^^^^^^^^^^^^^^^^^^^^
  File "/data/data/com.termux/files/usr/lib/python3.12/site-packages/telegram/ext/_extbot.py", line 634, in _send_message
    result = await super()._send_message(
             ^^^^^^^^^^^^^^^^^^^^^^^^^^^^
  File "/data/data/com.termux/files/usr/lib/python3.12/site-packages/telegram/_bot.py", line 819, in _send_message
    result = await self._post(
             ^^^^^^^^^^^^^^^^^
  File "/data/data/com.termux/files/usr/lib/python3.12/site-packages/telegram/_bot.py", line 703, in _post
    return await self._do_post(
           ^^^^^^^^^^^^^^^^^^^^
  File "/data/data/com.termux/files/usr/lib/python3.12/site-packages/telegram/ext/_extbot.py", line 372, in _do_post
    return await super()._do_post(
           ^^^^^^^^^^^^^^^^^^^^^^^
  File "/data/data/com.termux/files/usr/lib/python3.12/site-packages/telegram/_bot.py", line 732, in _do_post
    result = await request.post(
             ^^^^^^^^^^^^^^^^^^^
  File "/data/data/com.termux/files/usr/lib/python3.12/site-packages/telegram/request/_baserequest.py", line 198, in post
    result = await self._request_wrapper(
             ^^^^^^^^^^^^^^^^^^^^^^^^^^^^
  File "/data/data/com.termux/files/usr/lib/python3.12/site-packages/telegram/request/_baserequest.py", line 375, in _request_wrapper
    raise exception
telegram.error.BadRequest: Message is not modified: specified new message content and reply markup are exactly the same as a current content and reply markup of the message
2025-12-08 20:24:45,239 - httpx - INFO - HTTP Request: POST https://api.telegram.org/bot8353713232:AAH9c3MLO5z-o3HRDbHOzs453ysfMFrKFkQ/getUpdates "HTTP/1.1 200 OK"
2025-12-08 20:24:45,646 - httpx - INFO - HTTP Request: POST https://api.telegram.org/bot8353713232:AAH9c3MLO5z-o3HRDbHOzs453ysfMFrKFkQ/answerCallbackQuery "HTTP/1.1 200 OK"
2025-12-08 20:24:46,022 - httpx - INFO - HTTP Request: POST https://api.telegram.org/bot8353713232:AAH9c3MLO5z-o3HRDbHOzs453ysfMFrKFkQ/editMessageText "HTTP/1.1 400 Bad Request"
2025-12-08 20:24:46,025 - telegram.ext.Application - ERROR - No error handlers are registered, logging exception.
Traceback (most recent call last):
  File "/data/data/com.termux/files/usr/lib/python3.12/site-packages/telegram/ext/_application.py", line 1315, in process_update
    await coroutine
  File "/data/data/com.termux/files/usr/lib/python3.12/site-packages/telegram/ext/_handlers/basehandler.py", line 159, in handle_update
    return await self.callback(update, context)
           ^^^^^^^^^^^^^^^^^^^^^^^^^^^^^^^^^^^^
  File "/storage/emulated/0/Telegram_bot/handlers/user_commands.py", line 67, in button_handler
    await query.edit_message_text(
  File "/data/data/com.termux/files/usr/lib/python3.12/site-packages/telegram/_callbackquery.py", line 268, in edit_message_text
    return await self._get_message().edit_text(
           ^^^^^^^^^^^^^^^^^^^^^^^^^^^^^^^^^^^^
  File "/data/data/com.termux/files/usr/lib/python3.12/site-packages/telegram/_message.py", line 4142, in edit_text
    return await self.get_bot().edit_message_text(
           ^^^^^^^^^^^^^^^^^^^^^^^^^^^^^^^^^^^^^^^
  File "/data/data/com.termux/files/usr/lib/python3.12/site-packages/telegram/ext/_extbot.py", line 1735, in edit_message_text
    return await super().edit_message_text(
           ^^^^^^^^^^^^^^^^^^^^^^^^^^^^^^^^
  File "/data/data/com.termux/files/usr/lib/python3.12/site-packages/telegram/_bot.py", line 4463, in edit_message_text
    return await self._send_message(
           ^^^^^^^^^^^^^^^^^^^^^^^^^
  File "/data/data/com.termux/files/usr/lib/python3.12/site-packages/telegram/ext/_extbot.py", line 634, in _send_message
    result = await super()._send_message(
             ^^^^^^^^^^^^^^^^^^^^^^^^^^^^
  File "/data/data/com.termux/files/usr/lib/python3.12/site-packages/telegram/_bot.py", line 819, in _send_message
    result = await self._post(
             ^^^^^^^^^^^^^^^^^
  File "/data/data/com.termux/files/usr/lib/python3.12/site-packages/telegram/_bot.py", line 703, in _post
    return await self._do_post(
           ^^^^^^^^^^^^^^^^^^^^
  File "/data/data/com.termux/files/usr/lib/python3.12/site-packages/telegram/ext/_extbot.py", line 372, in _do_post
    return await super()._do_post(
           ^^^^^^^^^^^^^^^^^^^^^^^
  File "/data/data/com.termux/files/usr/lib/python3.12/site-packages/telegram/_bot.py", line 732, in _do_post
    result = await request.post(
             ^^^^^^^^^^^^^^^^^^^
  File "/data/data/com.termux/files/usr/lib/python3.12/site-packages/telegram/request/_baserequest.py", line 198, in post
    result = await self._request_wrapper(
             ^^^^^^^^^^^^^^^^^^^^^^^^^^^^
  File "/data/data/com.termux/files/usr/lib/python3.12/site-packages/telegram/request/_baserequest.py", line 375, in _request_wrapper
    raise exception
telegram.error.BadRequest: Message is not modified: specified new message content and reply markup are exactly the same as a current content and reply markup of the message
2025-12-08 20:24:46,192 - httpx - INFO - HTTP Request: POST https://api.telegram.org/bot8353713232:AAH9c3MLO5z-o3HRDbHOzs453ysfMFrKFkQ/getUpdates "HTTP/1.1 200 OK"
2025-12-08 20:24:46,568 - httpx - INFO - HTTP Request: POST https://api.telegram.org/bot8353713232:AAH9c3MLO5z-o3HRDbHOzs453ysfMFrKFkQ/answerCallbackQuery "HTTP/1.1 200 OK"
2025-12-08 20:24:46,763 - httpx - INFO - HTTP Request: POST https://api.telegram.org/bot8353713232:AAH9c3MLO5z-o3HRDbHOzs453ysfMFrKFkQ/editMessageText "HTTP/1.1 400 Bad Request"
2025-12-08 20:24:46,771 - telegram.ext.Application - ERROR - No error handlers are registered, logging exception.
Traceback (most recent call last):
  File "/data/data/com.termux/files/usr/lib/python3.12/site-packages/telegram/ext/_application.py", line 1315, in process_update
    await coroutine
  File "/data/data/com.termux/files/usr/lib/python3.12/site-packages/telegram/ext/_handlers/basehandler.py", line 159, in handle_update
    return await self.callback(update, context)
           ^^^^^^^^^^^^^^^^^^^^^^^^^^^^^^^^^^^^
  File "/storage/emulated/0/Telegram_bot/handlers/user_commands.py", line 74, in button_handler
    await query.edit_message_text(
  File "/data/data/com.termux/files/usr/lib/python3.12/site-packages/telegram/_callbackquery.py", line 268, in edit_message_text
    return await self._get_message().edit_text(
           ^^^^^^^^^^^^^^^^^^^^^^^^^^^^^^^^^^^^
  File "/data/data/com.termux/files/usr/lib/python3.12/site-packages/telegram/_message.py", line 4142, in edit_text
    return await self.get_bot().edit_message_text(
           ^^^^^^^^^^^^^^^^^^^^^^^^^^^^^^^^^^^^^^^
  File "/data/data/com.termux/files/usr/lib/python3.12/site-packages/telegram/ext/_extbot.py", line 1735, in edit_message_text
    return await super().edit_message_text(
           ^^^^^^^^^^^^^^^^^^^^^^^^^^^^^^^^
  File "/data/data/com.termux/files/usr/lib/python3.12/site-packages/telegram/_bot.py", line 4463, in edit_message_text
    return await self._send_message(
           ^^^^^^^^^^^^^^^^^^^^^^^^^
  File "/data/data/com.termux/files/usr/lib/python3.12/site-packages/telegram/ext/_extbot.py", line 634, in _send_message
    result = await super()._send_message(
             ^^^^^^^^^^^^^^^^^^^^^^^^^^^^
  File "/data/data/com.termux/files/usr/lib/python3.12/site-packages/telegram/_bot.py", line 819, in _send_message
    result = await self._post(
             ^^^^^^^^^^^^^^^^^
  File "/data/data/com.termux/files/usr/lib/python3.12/site-packages/telegram/_bot.py", line 703, in _post
    return await self._do_post(
           ^^^^^^^^^^^^^^^^^^^^
  File "/data/data/com.termux/files/usr/lib/python3.12/site-packages/telegram/ext/_extbot.py", line 372, in _do_post
    return await super()._do_post(
           ^^^^^^^^^^^^^^^^^^^^^^^
  File "/data/data/com.termux/files/usr/lib/python3.12/site-packages/telegram/_bot.py", line 732, in _do_post
    result = await request.post(
             ^^^^^^^^^^^^^^^^^^^
  File "/data/data/com.termux/files/usr/lib/python3.12/site-packages/telegram/request/_baserequest.py", line 198, in post
    result = await self._request_wrapper(
             ^^^^^^^^^^^^^^^^^^^^^^^^^^^^
  File "/data/data/com.termux/files/usr/lib/python3.12/site-packages/telegram/request/_baserequest.py", line 375, in _request_wrapper
    raise exception
telegram.error.BadRequest: Can't parse entities: can't find end of the entity starting at byte offset 475
2025-12-08 20:24:47,290 - httpx - INFO - HTTP Request: POST https://api.telegram.org/bot8353713232:AAH9c3MLO5z-o3HRDbHOzs453ysfMFrKFkQ/getUpdates "HTTP/1.1 200 OK"
2025-12-08 20:24:47,681 - httpx - INFO - HTTP Request: POST https://api.telegram.org/bot8353713232:AAH9c3MLO5z-o3HRDbHOzs453ysfMFrKFkQ/answerCallbackQuery "HTTP/1.1 200 OK"
2025-12-08 20:24:48,065 - httpx - INFO - HTTP Request: POST https://api.telegram.org/bot8353713232:AAH9c3MLO5z-o3HRDbHOzs453ysfMFrKFkQ/editMessageText "HTTP/1.1 200 OK"
2025-12-08 20:24:54,897 - httpx - INFO - HTTP Request: POST https://api.telegram.org/bot8353713232:AAH9c3MLO5z-o3HRDbHOzs453ysfMFrKFkQ/getUpdates "HTTP/1.1 200 OK"
2025-12-08 20:25:01,488 - httpx - INFO - HTTP Request: POST https://api.telegram.org/bot8353713232:AAH9c3MLO5z-o3HRDbHOzs453ysfMFrKFkQ/getUpdates "HTTP/1.1 200 OK"
2025-12-08 20:25:02,314 - httpx - INFO - HTTP Request: POST https://api.telegram.org/bot8353713232:AAH9c3MLO5z-o3HRDbHOzs453ysfMFrKFkQ/sendMessage "HTTP/1.1 200 OK"
2025-12-08 20:25:10,810 - httpx - INFO - HTTP Request: POST https://api.telegram.org/bot8353713232:AAH9c3MLO5z-o3HRDbHOzs453ysfMFrKFkQ/getUpdates "HTTP/1.1 200 OK"
2025-12-08 20:25:11,587 - httpx - INFO - HTTP Request: POST https://api.telegram.org/bot8353713232:AAH9c3MLO5z-o3HRDbHOzs453ysfMFrKFkQ/sendMessage "HTTP/1.1 200 OK"
2025-12-08 20:25:21,079 - httpx - INFO - HTTP Request: POST https://api.telegram.org/bot8353713232:AAH9c3MLO5z-o3HRDbHOzs453ysfMFrKFkQ/getUpdates "HTTP/1.1 200 OK"
2025-12-08 20:25:31,322 - httpx - INFO - HTTP Request: POST https://api.telegram.org/bot8353713232:AAH9c3MLO5z-o3HRDbHOzs453ysfMFrKFkQ/getUpdates "HTTP/1.1 200 OK"
2025-12-08 20:25:32,738 - httpx - INFO - HTTP Request: POST https://api.telegram.org/bot8353713232:AAH9c3MLO5z-o3HRDbHOzs453ysfMFrKFkQ/getUpdates "HTTP/1.1 200 OK"
2025-12-08 20:25:33,378 - httpx - INFO - HTTP Request: POST https://api.telegram.org/bot8353713232:AAH9c3MLO5z-o3HRDbHOzs453ysfMFrKFkQ/sendMessage "HTTP/1.1 400 Bad Request"
2025-12-08 20:25:33,387 - telegram.ext.Application - ERROR - No error handlers are registered, logging exception.
Traceback (most recent call last):
  File "/data/data/com.termux/files/usr/lib/python3.12/site-packages/telegram/ext/_application.py", line 1315, in process_update
    await coroutine
  File "/data/data/com.termux/files/usr/lib/python3.12/site-packages/telegram/ext/_handlers/basehandler.py", line 159, in handle_update
    return await self.callback(update, context)
           ^^^^^^^^^^^^^^^^^^^^^^^^^^^^^^^^^^^^
  File "/storage/emulated/0/Telegram_bot/handlers/promotion.py", line 62, in handle_promotion_message
    await show_promotion_preview(update, context, promo_data)
  File "/storage/emulated/0/Telegram_bot/handlers/promotion.py", line 78, in show_promotion_preview
    await update.message.reply_text(
  File "/data/data/com.termux/files/usr/lib/python3.12/site-packages/telegram/_message.py", line 2060, in reply_text
    return await self.get_bot().send_message(
           ^^^^^^^^^^^^^^^^^^^^^^^^^^^^^^^^^^
  File "/data/data/com.termux/files/usr/lib/python3.12/site-packages/telegram/ext/_extbot.py", line 3107, in send_message
    return await super().send_message(
           ^^^^^^^^^^^^^^^^^^^^^^^^^^^
  File "/data/data/com.termux/files/usr/lib/python3.12/site-packages/telegram/_bot.py", line 1118, in send_message
    return await self._send_message(
           ^^^^^^^^^^^^^^^^^^^^^^^^^
  File "/data/data/com.termux/files/usr/lib/python3.12/site-packages/telegram/ext/_extbot.py", line 634, in _send_message
    result = await super()._send_message(
             ^^^^^^^^^^^^^^^^^^^^^^^^^^^^
  File "/data/data/com.termux/files/usr/lib/python3.12/site-packages/telegram/_bot.py", line 819, in _send_message
    result = await self._post(
             ^^^^^^^^^^^^^^^^^
  File "/data/data/com.termux/files/usr/lib/python3.12/site-packages/telegram/_bot.py", line 703, in _post
    return await self._do_post(
           ^^^^^^^^^^^^^^^^^^^^
  File "/data/data/com.termux/files/usr/lib/python3.12/site-packages/telegram/ext/_extbot.py", line 372, in _do_post
    return await super()._do_post(
           ^^^^^^^^^^^^^^^^^^^^^^^
  File "/data/data/com.termux/files/usr/lib/python3.12/site-packages/telegram/_bot.py", line 732, in _do_post
    result = await request.post(
             ^^^^^^^^^^^^^^^^^^^
  File "/data/data/com.termux/files/usr/lib/python3.12/site-packages/telegram/request/_baserequest.py", line 198, in post
    result = await self._request_wrapper(
             ^^^^^^^^^^^^^^^^^^^^^^^^^^^^
  File "/data/data/com.termux/files/usr/lib/python3.12/site-packages/telegram/request/_baserequest.py", line 375, in _request_wrapper
    raise exception
telegram.error.BadRequest: Can't parse entities: can't find end of the entity starting at byte offset 29
2025-12-08 20:25:42,991 - httpx - INFO - HTTP Request: POST https://api.telegram.org/bot8353713232:AAH9c3MLO5z-o3HRDbHOzs453ysfMFrKFkQ/getUpdates "HTTP/1.1 200 OK"
2025-12-08 20:25:53,338 - httpx - INFO - HTTP Request: POST https://api.telegram.org/bot8353713232:AAH9c3MLO5z-o3HRDbHOzs453ysfMFrKFkQ/getUpdates "HTTP/1.1 200 OK"
2025-12-08 20:26:03,576 - httpx - INFO - HTTP Request: POST https://api.telegram.org/bot8353713232:AAH9c3MLO5z-o3HRDbHOzs453ysfMFrKFkQ/getUpdates "HTTP/1.1 200 OK"
2025-12-08 20:26:13,816 - httpx - INFO - HTTP Request: POST https://api.telegram.org/bot8353713232:AAH9c3MLO5z-o3HRDbHOzs453ysfMFrKFkQ/getUpdates "HTTP/1.1 200 OK"
2025-12-08 20:26:21,372 - httpx - INFO - HTTP Request: POST https://api.telegram.org/bot8353713232:AAH9c3MLO5z-o3HRDbHOzs453ysfMFrKFkQ/getUpdates "HTTP/1.1 200 OK"
2025-12-08 20:26:21,582 - httpx - INFO - HTTP Request: POST https://api.telegram.org/bot8353713232:AAH9c3MLO5z-o3HRDbHOzs453ysfMFrKFkQ/getUpdates "HTTP/1.1 200 OK"
2025-12-08 20:26:31,786 - httpx - INFO - HTTP Request: POST https://api.telegram.org/bot8353713232:AAH9c3MLO5z-o3HRDbHOzs453ysfMFrKFkQ/getUpdates "HTTP/1.1 200 OK"
2025-12-08 20:26:41,959 - httpx - INFO - HTTP Request: POST https://api.telegram.org/bot8353713232:AAH9c3MLO5z-o3HRDbHOzs453ysfMFrKFkQ/getUpdates "HTTP/1.1 200 OK"
2025-12-08 20:26:52,220 - httpx - INFO - HTTP Request: POST https://api.telegram.org/bot8353713232:AAH9c3MLO5z-o3HRDbHOzs453ysfMFrKFkQ/getUpdates "HTTP/1.1 200 OK"
2025-12-08 20:27:02,416 - httpx - INFO - HTTP Request: POST https://api.telegram.org/bot8353713232:AAH9c3MLO5z-o3HRDbHOzs453ysfMFrKFkQ/getUpdates "HTTP/1.1 200 OK"
2025-12-08 20:27:08,687 - httpx - INFO - HTTP Request: POST https://api.telegram.org/bot8353713232:AAH9c3MLO5z-o3HRDbHOzs453ysfMFrKFkQ/getUpdates "HTTP/1.1 200 OK"
2025-12-08 20:27:08,933 - httpx - INFO - HTTP Request: POST https://api.telegram.org/bot8353713232:AAH9c3MLO5z-o3HRDbHOzs453ysfMFrKFkQ/getUpdates "HTTP/1.1 200 OK"
2025-12-08 20:27:09,827 - httpx - INFO - HTTP Request: POST https://api.telegram.org/bot8353713232:AAH9c3MLO5z-o3HRDbHOzs453ysfMFrKFkQ/sendMessage "HTTP/1.1 200 OK"
2025-12-08 20:27:09,842 - telegram.ext.Application - ERROR - No error handlers are registered, logging exception.
Traceback (most recent call last):
  File "/data/data/com.termux/files/usr/lib/python3.12/site-packages/telegram/ext/_application.py", line 1315, in process_update
    await coroutine
  File "/data/data/com.termux/files/usr/lib/python3.12/site-packages/telegram/ext/_handlers/basehandler.py", line 159, in handle_update
    return await self.callback(update, context)
           ^^^^^^^^^^^^^^^^^^^^^^^^^^^^^^^^^^^^
  File "/storage/emulated/0/Telegram_bot/handlers/welcome.py", line 18, in welcome_new_member
    db.add_group(
    ^^
UnboundLocalError: cannot access local variable 'db' where it is not associated with a value
2025-12-08 20:27:16,005 - httpx - INFO - HTTP Request: POST https://api.telegram.org/bot8353713232:AAH9c3MLO5z-o3HRDbHOzs453ysfMFrKFkQ/getUpdates "HTTP/1.1 200 OK"
2025-12-08 20:27:16,852 - httpx - INFO - HTTP Request: POST https://api.telegram.org/bot8353713232:AAH9c3MLO5z-o3HRDbHOzs453ysfMFrKFkQ/sendMessage "HTTP/1.1 200 OK"
2025-12-08 20:27:26,319 - httpx - INFO - HTTP Request: POST https://api.telegram.org/bot8353713232:AAH9c3MLO5z-o3HRDbHOzs453ysfMFrKFkQ/getUpdates "HTTP/1.1 200 OK"
2025-12-08 20:27:36,674 - httpx - INFO - HTTP Request: POST https://api.telegram.org/bot8353713232:AAH9c3MLO5z-o3HRDbHOzs453ysfMFrKFkQ/getUpdates "HTTP/1.1 200 OK"
2025-12-08 20:27:36,883 - httpx - INFO - HTTP Request: POST https://api.telegram.org/bot8353713232:AAH9c3MLO5z-o3HRDbHOzs453ysfMFrKFkQ/getUpdates "HTTP/1.1 200 OK"
2025-12-08 20:27:37,080 - httpx - INFO - HTTP Request: POST https://api.telegram.org/bot8353713232:AAH9c3MLO5z-o3HRDbHOzs453ysfMFrKFkQ/getUpdates "HTTP/1.1 200 OK"
2025-12-08 20:27:37,963 - httpx - INFO - HTTP Request: POST https://api.telegram.org/bot8353713232:AAH9c3MLO5z-o3HRDbHOzs453ysfMFrKFkQ/sendMessage "HTTP/1.1 200 OK"
2025-12-08 20:27:44,749 - httpx - INFO - HTTP Request: POST https://api.telegram.org/bot8353713232:AAH9c3MLO5z-o3HRDbHOzs453ysfMFrKFkQ/getUpdates "HTTP/1.1 200 OK"
2025-12-08 20:27:44,943 - httpx - INFO - HTTP Request: POST https://api.telegram.org/bot8353713232:AAH9c3MLO5z-o3HRDbHOzs453ysfMFrKFkQ/getUpdates "HTTP/1.1 200 OK"
2025-12-08 20:27:45,695 - httpx - INFO - HTTP Request: POST https://api.telegram.org/bot8353713232:AAH9c3MLO5z-o3HRDbHOzs453ysfMFrKFkQ/sendMessage "HTTP/1.1 200 OK"
2025-12-08 20:27:55,151 - httpx - INFO - HTTP Request: POST https://api.telegram.org/bot8353713232:AAH9c3MLO5z-o3HRDbHOzs453ysfMFrKFkQ/getUpdates "HTTP/1.1 200 OK"
2025-12-08 20:28:05,435 - httpx - INFO - HTTP Request: POST https://api.telegram.org/bot8353713232:AAH9c3MLO5z-o3HRDbHOzs453ysfMFrKFkQ/getUpdates "HTTP/1.1 200 OK"
2025-12-08 20:28:15,632 - httpx - INFO - HTTP Request: POST https://api.telegram.org/bot8353713232:AAH9c3MLO5z-o3HRDbHOzs453ysfMFrKFkQ/getUpdates "HTTP/1.1 200 OK"
2025-12-08 20:28:20,452 - httpx - INFO - HTTP Request: POST https://api.telegram.org/bot8353713232:AAH9c3MLO5z-o3HRDbHOzs453ysfMFrKFkQ/getUpdates "HTTP/1.1 200 OK"
2025-12-08 20:28:21,333 - httpx - INFO - HTTP Request: POST https://api.telegram.org/bot8353713232:AAH9c3MLO5z-o3HRDbHOzs453ysfMFrKFkQ/sendMessage "HTTP/1.1 200 OK"
2025-12-08 20:28:30,692 - httpx - INFO - HTTP Request: POST https://api.telegram.org/bot8353713232:AAH9c3MLO5z-o3HRDbHOzs453ysfMFrKFkQ/getUpdates "HTTP/1.1 200 OK"
2025-12-08 20:28:40,912 - httpx - INFO - HTTP Request: POST https://api.telegram.org/bot8353713232:AAH9c3MLO5z-o3HRDbHOzs453ysfMFrKFkQ/getUpdates "HTTP/1.1 200 OK"
2025-12-08 20:28:42,813 - httpx - INFO - HTTP Request: POST https://api.telegram.org/bot8353713232:AAH9c3MLO5z-o3HRDbHOzs453ysfMFrKFkQ/getUpdates "HTTP/1.1 200 OK"
2025-12-08 20:28:43,752 - httpx - INFO - HTTP Request: POST https://api.telegram.org/bot8353713232:AAH9c3MLO5z-o3HRDbHOzs453ysfMFrKFkQ/answerCallbackQuery "HTTP/1.1 200 OK"
2025-12-08 20:28:44,146 - httpx - INFO - HTTP Request: POST https://api.telegram.org/bot8353713232:AAH9c3MLO5z-o3HRDbHOzs453ysfMFrKFkQ/editMessageText "HTTP/1.1 200 OK"
2025-12-08 20:28:46,600 - httpx - INFO - HTTP Request: POST https://api.telegram.org/bot8353713232:AAH9c3MLO5z-o3HRDbHOzs453ysfMFrKFkQ/getUpdates "HTTP/1.1 200 OK"
2025-12-08 20:28:46,989 - httpx - INFO - HTTP Request: POST https://api.telegram.org/bot8353713232:AAH9c3MLO5z-o3HRDbHOzs453ysfMFrKFkQ/answerCallbackQuery "HTTP/1.1 200 OK"
2025-12-08 20:28:47,378 - httpx - INFO - HTTP Request: POST https://api.telegram.org/bot8353713232:AAH9c3MLO5z-o3HRDbHOzs453ysfMFrKFkQ/editMessageText "HTTP/1.1 200 OK"
2025-12-08 20:28:50,096 - httpx - INFO - HTTP Request: POST https://api.telegram.org/bot8353713232:AAH9c3MLO5z-o3HRDbHOzs453ysfMFrKFkQ/getUpdates "HTTP/1.1 200 OK"
2025-12-08 20:29:00,422 - httpx - INFO - HTTP Request: POST https://api.telegram.org/bot8353713232:AAH9c3MLO5z-o3HRDbHOzs453ysfMFrKFkQ/getUpdates "HTTP/1.1 200 OK"
2025-12-08 20:29:10,773 - httpx - INFO - HTTP Request: POST https://api.telegram.org/bot8353713232:AAH9c3MLO5z-o3HRDbHOzs453ysfMFrKFkQ/getUpdates "HTTP/1.1 200 OK"
2025-12-08 20:29:21,007 - httpx - INFO - HTTP Request: POST https://api.telegram.org/bot8353713232:AAH9c3MLO5z-o3HRDbHOzs453ysfMFrKFkQ/getUpdates "HTTP/1.1 200 OK"
2025-12-08 20:29:31,198 - httpx - INFO - HTTP Request: POST https://api.telegram.org/bot8353713232:AAH9c3MLO5z-o3HRDbHOzs453ysfMFrKFkQ/getUpdates "HTTP/1.1 200 OK"
2025-12-08 20:29:41,596 - httpx - INFO - HTTP Request: POST https://api.telegram.org/bot8353713232:AAH9c3MLO5z-o3HRDbHOzs453ysfMFrKFkQ/getUpdates "HTTP/1.1 200 OK"
2025-12-08 20:29:51,792 - httpx - INFO - HTTP Request: POST https://api.telegram.org/bot8353713232:AAH9c3MLO5z-o3HRDbHOzs453ysfMFrKFkQ/getUpdates "HTTP/1.1 200 OK"
2025-12-08 20:30:02,073 - httpx - INFO - HTTP Request: POST https://api.telegram.org/bot8353713232:AAH9c3MLO5z-o3HRDbHOzs453ysfMFrKFkQ/getUpdates "HTTP/1.1 200 OK"
2025-12-08 20:30:12,306 - httpx - INFO - HTTP Request: POST https://api.telegram.org/bot8353713232:AAH9c3MLO5z-o3HRDbHOzs453ysfMFrKFkQ/getUpdates "HTTP/1.1 200 OK"
2025-12-08 20:30:22,547 - httpx - INFO - HTTP Request: POST https://api.telegram.org/bot8353713232:AAH9c3MLO5z-o3HRDbHOzs453ysfMFrKFkQ/getUpdates "HTTP/1.1 200 OK"
2025-12-08 20:30:32,794 - httpx - INFO - HTTP Request: POST https://api.telegram.org/bot8353713232:AAH9c3MLO5z-o3HRDbHOzs453ysfMFrKFkQ/getUpdates "HTTP/1.1 200 OK"
2025-12-08 20:30:43,030 - httpx - INFO - HTTP Request: POST https://api.telegram.org/bot8353713232:AAH9c3MLO5z-o3HRDbHOzs453ysfMFrKFkQ/getUpdates "HTTP/1.1 200 OK"
2025-12-08 20:30:53,270 - httpx - INFO - HTTP Request: POST https://api.telegram.org/bot8353713232:AAH9c3MLO5z-o3HRDbHOzs453ysfMFrKFkQ/getUpdates "HTTP/1.1 200 OK"
2025-12-08 20:31:03,610 - httpx - INFO - HTTP Request: POST https://api.telegram.org/bot8353713232:AAH9c3MLO5z-o3HRDbHOzs453ysfMFrKFkQ/getUpdates "HTTP/1.1 200 OK"
2025-12-08 20:31:13,856 - httpx - INFO - HTTP Request: POST https://api.telegram.org/bot8353713232:AAH9c3MLO5z-o3HRDbHOzs453ysfMFrKFkQ/getUpdates "HTTP/1.1 200 OK"
2025-12-08 20:31:24,048 - httpx - INFO - HTTP Request: POST https://api.telegram.org/bot8353713232:AAH9c3MLO5z-o3HRDbHOzs453ysfMFrKFkQ/getUpdates "HTTP/1.1 200 OK"
2025-12-08 20:31:34,241 - httpx - INFO - HTTP Request: POST https://api.telegram.org/bot8353713232:AAH9c3MLO5z-o3HRDbHOzs453ysfMFrKFkQ/getUpdates "HTTP/1.1 200 OK"
2025-12-08 20:31:40,219 - httpx - INFO - HTTP Request: POST https://api.telegram.org/bot8353713232:AAH9c3MLO5z-o3HRDbHOzs453ysfMFrKFkQ/getUpdates "HTTP/1.1 200 OK"
2025-12-08 20:31:41,087 - httpx - INFO - HTTP Request: POST https://api.telegram.org/bot8353713232:AAH9c3MLO5z-o3HRDbHOzs453ysfMFrKFkQ/sendMessage "HTTP/1.1 200 OK"
2025-12-08 20:31:45,214 - httpx - INFO - HTTP Request: POST https://api.telegram.org/bot8353713232:AAH9c3MLO5z-o3HRDbHOzs453ysfMFrKFkQ/getUpdates "HTTP/1.1 200 OK"
2025-12-08 20:31:45,633 - httpx - INFO - HTTP Request: POST https://api.telegram.org/bot8353713232:AAH9c3MLO5z-o3HRDbHOzs453ysfMFrKFkQ/sendMessage "HTTP/1.1 200 OK"
2025-12-08 20:31:49,609 - httpx - INFO - HTTP Request: POST https://api.telegram.org/bot8353713232:AAH9c3MLO5z-o3HRDbHOzs453ysfMFrKFkQ/getUpdates "HTTP/1.1 200 OK"
2025-12-08 20:31:50,056 - httpx - INFO - HTTP Request: POST https://api.telegram.org/bot8353713232:AAH9c3MLO5z-o3HRDbHOzs453ysfMFrKFkQ/sendMessage "HTTP/1.1 200 OK"
2025-12-08 20:31:59,886 - httpx - INFO - HTTP Request: POST https://api.telegram.org/bot8353713232:AAH9c3MLO5z-o3HRDbHOzs453ysfMFrKFkQ/getUpdates "HTTP/1.1 200 OK"
2025-12-08 20:32:01,731 - httpx - INFO - HTTP Request: POST https://api.telegram.org/bot8353713232:AAH9c3MLO5z-o3HRDbHOzs453ysfMFrKFkQ/getUpdates "HTTP/1.1 200 OK"
2025-12-08 20:32:02,550 - httpx - INFO - HTTP Request: POST https://api.telegram.org/bot8353713232:AAH9c3MLO5z-o3HRDbHOzs453ysfMFrKFkQ/sendMessage "HTTP/1.1 200 OK"
2025-12-08 20:32:11,940 - httpx - INFO - HTTP Request: POST https://api.telegram.org/bot8353713232:AAH9c3MLO5z-o3HRDbHOzs453ysfMFrKFkQ/getUpdates "HTTP/1.1 200 OK"
2025-12-08 20:32:15,505 - httpx - INFO - HTTP Request: POST https://api.telegram.org/bot8353713232:AAH9c3MLO5z-o3HRDbHOzs453ysfMFrKFkQ/getUpdates "HTTP/1.1 200 OK"
2025-12-08 20:32:16,480 - httpx - INFO - HTTP Request: POST https://api.telegram.org/bot8353713232:AAH9c3MLO5z-o3HRDbHOzs453ysfMFrKFkQ/sendMessage "HTTP/1.1 200 OK"
2025-12-08 20:32:19,159 - httpx - INFO - HTTP Request: POST https://api.telegram.org/bot8353713232:AAH9c3MLO5z-o3HRDbHOzs453ysfMFrKFkQ/getUpdates "HTTP/1.1 200 OK"
2025-12-08 20:32:19,650 - httpx - INFO - HTTP Request: POST https://api.telegram.org/bot8353713232:AAH9c3MLO5z-o3HRDbHOzs453ysfMFrKFkQ/sendMessage "HTTP/1.1 200 OK"
2025-12-08 20:32:29,014 - httpx - INFO - HTTP Request: POST https://api.telegram.org/bot8353713232:AAH9c3MLO5z-o3HRDbHOzs453ysfMFrKFkQ/getUpdates "HTTP/1.1 200 OK"
2025-12-08 20:32:29,877 - httpx - INFO - HTTP Request: POST https://api.telegram.org/bot8353713232:AAH9c3MLO5z-o3HRDbHOzs453ysfMFrKFkQ/getChatMember "HTTP/1.1 200 OK"
2025-12-08 20:32:30,310 - httpx - INFO - HTTP Request: POST https://api.telegram.org/bot8353713232:AAH9c3MLO5z-o3HRDbHOzs453ysfMFrKFkQ/sendMessage "HTTP/1.1 200 OK"
2025-12-08 20:32:39,329 - httpx - INFO - HTTP Request: POST https://api.telegram.org/bot8353713232:AAH9c3MLO5z-o3HRDbHOzs453ysfMFrKFkQ/getUpdates "HTTP/1.1 200 OK"
2025-12-08 20:32:49,537 - httpx - INFO - HTTP Request: POST https://api.telegram.org/bot8353713232:AAH9c3MLO5z-o3HRDbHOzs453ysfMFrKFkQ/getUpdates "HTTP/1.1 200 OK"
2025-12-08 20:32:59,733 - httpx - INFO - HTTP Request: POST https://api.telegram.org/bot8353713232:AAH9c3MLO5z-o3HRDbHOzs453ysfMFrKFkQ/getUpdates "HTTP/1.1 200 OK"
2025-12-08 20:33:01,490 - httpx - INFO - HTTP Request: POST https://api.telegram.org/bot8353713232:AAH9c3MLO5z-o3HRDbHOzs453ysfMFrKFkQ/getUpdates "HTTP/1.1 200 OK"
2025-12-08 20:33:11,683 - httpx - INFO - HTTP Request: POST https://api.telegram.org/bot8353713232:AAH9c3MLO5z-o3HRDbHOzs453ysfMFrKFkQ/getUpdates "HTTP/1.1 200 OK"
2025-12-08 20:33:21,866 - httpx - INFO - HTTP Request: POST https://api.telegram.org/bot8353713232:AAH9c3MLO5z-o3HRDbHOzs453ysfMFrKFkQ/getUpdates "HTTP/1.1 200 OK"
2025-12-08 20:33:32,227 - httpx - INFO - HTTP Request: POST https://api.telegram.org/bot8353713232:AAH9c3MLO5z-o3HRDbHOzs453ysfMFrKFkQ/getUpdates "HTTP/1.1 200 OK"
2025-12-08 20:33:38,941 - httpx - INFO - HTTP Request: POST https://api.telegram.org/bot8353713232:AAH9c3MLO5z-o3HRDbHOzs453ysfMFrKFkQ/getUpdates "HTTP/1.1 200 OK"
2025-12-08 20:33:49,136 - httpx - INFO - HTTP Request: POST https://api.telegram.org/bot8353713232:AAH9c3MLO5z-o3HRDbHOzs453ysfMFrKFkQ/getUpdates "HTTP/1.1 200 OK"
2025-12-08 20:33:50,360 - httpx - INFO - HTTP Request: POST https://api.telegram.org/bot8353713232:AAH9c3MLO5z-o3HRDbHOzs453ysfMFrKFkQ/getUpdates "HTTP/1.1 200 OK"
2025-12-08 20:33:51,020 - httpx - INFO - HTTP Request: POST https://api.telegram.org/bot8353713232:AAH9c3MLO5z-o3HRDbHOzs453ysfMFrKFkQ/getChatMember "HTTP/1.1 200 OK"
2025-12-08 20:33:51,432 - httpx - INFO - HTTP Request: POST https://api.telegram.org/bot8353713232:AAH9c3MLO5z-o3HRDbHOzs453ysfMFrKFkQ/sendMessage "HTTP/1.1 200 OK"
2025-12-08 20:34:00,556 - httpx - INFO - HTTP Request: POST https://api.telegram.org/bot8353713232:AAH9c3MLO5z-o3HRDbHOzs453ysfMFrKFkQ/getUpdates "HTTP/1.1 200 OK"
2025-12-08 20:34:01,855 - httpx - INFO - HTTP Request: POST https://api.telegram.org/bot8353713232:AAH9c3MLO5z-o3HRDbHOzs453ysfMFrKFkQ/getUpdates "HTTP/1.1 200 OK"
2025-12-08 20:34:12,126 - httpx - INFO - HTTP Request: POST https://api.telegram.org/bot8353713232:AAH9c3MLO5z-o3HRDbHOzs453ysfMFrKFkQ/getUpdates "HTTP/1.1 200 OK"
2025-12-08 20:34:12,865 - httpx - INFO - HTTP Request: POST https://api.telegram.org/bot8353713232:AAH9c3MLO5z-o3HRDbHOzs453ysfMFrKFkQ/getUpdates "HTTP/1.1 200 OK"
2025-12-08 20:34:13,486 - httpx - INFO - HTTP Request: POST https://api.telegram.org/bot8353713232:AAH9c3MLO5z-o3HRDbHOzs453ysfMFrKFkQ/getChatMember "HTTP/1.1 200 OK"
2025-12-08 20:34:13,675 - httpx - INFO - HTTP Request: POST https://api.telegram.org/bot8353713232:AAH9c3MLO5z-o3HRDbHOzs453ysfMFrKFkQ/banChatMember "HTTP/1.1 400 Bad Request"
2025-12-08 20:34:14,082 - httpx - INFO - HTTP Request: POST https://api.telegram.org/bot8353713232:AAH9c3MLO5z-o3HRDbHOzs453ysfMFrKFkQ/sendMessage "HTTP/1.1 200 OK"
2025-12-08 20:34:23,153 - httpx - INFO - HTTP Request: POST https://api.telegram.org/bot8353713232:AAH9c3MLO5z-o3HRDbHOzs453ysfMFrKFkQ/getUpdates "HTTP/1.1 200 OK"
2025-12-08 20:34:30,745 - httpx - INFO - HTTP Request: POST https://api.telegram.org/bot8353713232:AAH9c3MLO5z-o3HRDbHOzs453ysfMFrKFkQ/getUpdates "HTTP/1.1 200 OK"
2025-12-08 20:34:31,353 - httpx - INFO - HTTP Request: POST https://api.telegram.org/bot8353713232:AAH9c3MLO5z-o3HRDbHOzs453ysfMFrKFkQ/getChatMember "HTTP/1.1 200 OK"
2025-12-08 20:34:31,760 - httpx - INFO - HTTP Request: POST https://api.telegram.org/bot8353713232:AAH9c3MLO5z-o3HRDbHOzs453ysfMFrKFkQ/sendMessage "HTTP/1.1 200 OK"
2025-12-08 20:34:40,983 - httpx - INFO - HTTP Request: POST https://api.telegram.org/bot8353713232:AAH9c3MLO5z-o3HRDbHOzs453ysfMFrKFkQ/getUpdates "HTTP/1.1 200 OK"
2025-12-08 20:34:51,160 - httpx - INFO - HTTP Request: POST https://api.telegram.org/bot8353713232:AAH9c3MLO5z-o3HRDbHOzs453ysfMFrKFkQ/getUpdates "HTTP/1.1 200 OK"
2025-12-08 20:35:01,448 - httpx - INFO - HTTP Request: POST https://api.telegram.org/bot8353713232:AAH9c3MLO5z-o3HRDbHOzs453ysfMFrKFkQ/getUpdates "HTTP/1.1 200 OK"
2025-12-08 20:35:11,626 - httpx - INFO - HTTP Request: POST https://api.telegram.org/bot8353713232:AAH9c3MLO5z-o3HRDbHOzs453ysfMFrKFkQ/getUpdates "HTTP/1.1 200 OK"
2025-12-08 20:35:12,808 - httpx - INFO - HTTP Request: POST https://api.telegram.org/bot8353713232:AAH9c3MLO5z-o3HRDbHOzs453ysfMFrKFkQ/getUpdates "HTTP/1.1 200 OK"
2025-12-08 20:35:13,050 - httpx - INFO - HTTP Request: POST https://api.telegram.org/bot8353713232:AAH9c3MLO5z-o3HRDbHOzs453ysfMFrKFkQ/getUpdates "HTTP/1.1 200 OK"
2025-12-08 20:35:13,916 - httpx - INFO - HTTP Request: POST https://api.telegram.org/bot8353713232:AAH9c3MLO5z-o3HRDbHOzs453ysfMFrKFkQ/sendMessage "HTTP/1.1 200 OK"
2025-12-08 20:35:23,297 - httpx - INFO - HTTP Request: POST https://api.telegram.org/bot8353713232:AAH9c3MLO5z-o3HRDbHOzs453ysfMFrKFkQ/getUpdates "HTTP/1.1 200 OK"
2025-12-08 20:35:29,618 - httpx - INFO - HTTP Request: POST https://api.telegram.org/bot8353713232:AAH9c3MLO5z-o3HRDbHOzs453ysfMFrKFkQ/getUpdates "HTTP/1.1 200 OK"
2025-12-08 20:35:39,905 - httpx - INFO - HTTP Request: POST https://api.telegram.org/bot8353713232:AAH9c3MLO5z-o3HRDbHOzs453ysfMFrKFkQ/getUpdates "HTTP/1.1 200 OK"
2025-12-08 20:35:48,651 - httpx - INFO - HTTP Request: POST https://api.telegram.org/bot8353713232:AAH9c3MLO5z-o3HRDbHOzs453ysfMFrKFkQ/getUpdates "HTTP/1.1 200 OK"
2025-12-08 20:35:59,322 - httpx - INFO - HTTP Request: POST https://api.telegram.org/bot8353713232:AAH9c3MLO5z-o3HRDbHOzs453ysfMFrKFkQ/getUpdates "HTTP/1.1 200 OK"
2025-12-08 20:36:09,543 - httpx - INFO - HTTP Request: POST https://api.telegram.org/bot8353713232:AAH9c3MLO5z-o3HRDbHOzs453ysfMFrKFkQ/getUpdates "HTTP/1.1 200 OK"
2025-12-08 20:36:19,766 - httpx - INFO - HTTP Request: POST https://api.telegram.org/bot8353713232:AAH9c3MLO5z-o3HRDbHOzs453ysfMFrKFkQ/getUpdates "HTTP/1.1 200 OK"
2025-12-08 20:36:29,945 - httpx - INFO - HTTP Request: POST https://api.telegram.org/bot8353713232:AAH9c3MLO5z-o3HRDbHOzs453ysfMFrKFkQ/getUpdates "HTTP/1.1 200 OK"
2025-12-08 20:36:40,200 - httpx - INFO - HTTP Request: POST https://api.telegram.org/bot8353713232:AAH9c3MLO5z-o3HRDbHOzs453ysfMFrKFkQ/getUpdates "HTTP/1.1 200 OK"
2025-12-08 20:36:50,454 - httpx - INFO - HTTP Request: POST https://api.telegram.org/bot8353713232:AAH9c3MLO5z-o3HRDbHOzs453ysfMFrKFkQ/getUpdates "HTTP/1.1 200 OK"
2025-12-08 20:37:00,679 - httpx - INFO - HTTP Request: POST https://api.telegram.org/bot8353713232:AAH9c3MLO5z-o3HRDbHOzs453ysfMFrKFkQ/getUpdates "HTTP/1.1 200 OK"
2025-12-08 20:37:10,920 - httpx - INFO - HTTP Request: POST https://api.telegram.org/bot8353713232:AAH9c3MLO5z-o3HRDbHOzs453ysfMFrKFkQ/getUpdates "HTTP/1.1 200 OK"
2025-12-08 20:37:21,095 - httpx - INFO - HTTP Request: POST https://api.telegram.org/bot8353713232:AAH9c3MLO5z-o3HRDbHOzs453ysfMFrKFkQ/getUpdates "HTTP/1.1 200 OK"
2025-12-08 20:37:31,388 - httpx - INFO - HTTP Request: POST https://api.telegram.org/bot8353713232:AAH9c3MLO5z-o3HRDbHOzs453ysfMFrKFkQ/getUpdates "HTTP/1.1 200 OK"
2025-12-08 20:37:41,639 - httpx - INFO - HTTP Request: POST https://api.telegram.org/bot8353713232:AAH9c3MLO5z-o3HRDbHOzs453ysfMFrKFkQ/getUpdates "HTTP/1.1 200 OK"
2025-12-08 20:37:45,800 - httpx - INFO - HTTP Request: POST https://api.telegram.org/bot8353713232:AAH9c3MLO5z-o3HRDbHOzs453ysfMFrKFkQ/getUpdates "HTTP/1.1 200 OK"
2025-12-08 20:37:46,964 - httpx - INFO - HTTP Request: POST https://api.telegram.org/bot8353713232:AAH9c3MLO5z-o3HRDbHOzs453ysfMFrKFkQ/sendMessage "HTTP/1.1 200 OK"
2025-12-08 20:37:55,271 - httpx - INFO - HTTP Request: POST https://api.telegram.org/bot8353713232:AAH9c3MLO5z-o3HRDbHOzs453ysfMFrKFkQ/getUpdates "HTTP/1.1 200 OK"
2025-12-08 20:37:56,423 - httpx - INFO - HTTP Request: POST https://api.telegram.org/bot8353713232:AAH9c3MLO5z-o3HRDbHOzs453ysfMFrKFkQ/sendMessage "HTTP/1.1 200 OK"
2025-12-08 20:38:05,006 - httpx - INFO - HTTP Request: POST https://api.telegram.org/bot8353713232:AAH9c3MLO5z-o3HRDbHOzs453ysfMFrKFkQ/getUpdates "HTTP/1.1 200 OK"
2025-12-08 20:38:06,646 - httpx - INFO - HTTP Request: POST https://api.telegram.org/bot8353713232:AAH9c3MLO5z-o3HRDbHOzs453ysfMFrKFkQ/sendMessage "HTTP/1.1 200 OK"
2025-12-08 20:38:15,554 - httpx - INFO - HTTP Request: POST https://api.telegram.org/bot8353713232:AAH9c3MLO5z-o3HRDbHOzs453ysfMFrKFkQ/getUpdates "HTTP/1.1 200 OK"
2025-12-08 20:38:26,162 - httpx - INFO - HTTP Request: POST https://api.telegram.org/bot8353713232:AAH9c3MLO5z-o3HRDbHOzs453ysfMFrKFkQ/getUpdates "HTTP/1.1 200 OK"
2025-12-08 20:38:36,684 - httpx - INFO - HTTP Request: POST https://api.telegram.org/bot8353713232:AAH9c3MLO5z-o3HRDbHOzs453ysfMFrKFkQ/getUpdates "HTTP/1.1 200 OK"
2025-12-08 20:38:47,001 - httpx - INFO - HTTP Request: POST https://api.telegram.org/bot8353713232:AAH9c3MLO5z-o3HRDbHOzs453ysfMFrKFkQ/getUpdates "HTTP/1.1 200 OK"
2025-12-08 20:38:57,384 - httpx - INFO - HTTP Request: POST https://api.telegram.org/bot8353713232:AAH9c3MLO5z-o3HRDbHOzs453ysfMFrKFkQ/getUpdates "HTTP/1.1 200 OK"
2025-12-08 20:39:07,680 - httpx - INFO - HTTP Request: POST https://api.telegram.org/bot8353713232:AAH9c3MLO5z-o3HRDbHOzs453ysfMFrKFkQ/getUpdates "HTTP/1.1 200 OK"
2025-12-08 20:39:18,053 - httpx - INFO - HTTP Request: POST https://api.telegram.org/bot8353713232:AAH9c3MLO5z-o3HRDbHOzs453ysfMFrKFkQ/getUpdates "HTTP/1.1 200 OK"
2025-12-08 20:39:28,342 - httpx - INFO - HTTP Request: POST https://api.telegram.org/bot8353713232:AAH9c3MLO5z-o3HRDbHOzs453ysfMFrKFkQ/getUpdates "HTTP/1.1 200 OK"
2025-12-08 20:39:38,581 - httpx - INFO - HTTP Request: POST https://api.telegram.org/bot8353713232:AAH9c3MLO5z-o3HRDbHOzs453ysfMFrKFkQ/getUpdates "HTTP/1.1 200 OK"
2025-12-08 20:39:48,824 - httpx - INFO - HTTP Request: POST https://api.telegram.org/bot8353713232:AAH9c3MLO5z-o3HRDbHOzs453ysfMFrKFkQ/getUpdates "HTTP/1.1 200 OK"
2025-12-08 20:39:59,167 - httpx - INFO - HTTP Request: POST https://api.telegram.org/bot8353713232:AAH9c3MLO5z-o3HRDbHOzs453ysfMFrKFkQ/getUpdates "HTTP/1.1 200 OK"
2025-12-08 20:40:09,404 - httpx - INFO - HTTP Request: POST https://api.telegram.org/bot8353713232:AAH9c3MLO5z-o3HRDbHOzs453ysfMFrKFkQ/getUpdates "HTTP/1.1 200 OK"
2025-12-08 20:40:19,644 - httpx - INFO - HTTP Request: POST https://api.telegram.org/bot8353713232:AAH9c3MLO5z-o3HRDbHOzs453ysfMFrKFkQ/getUpdates "HTTP/1.1 200 OK"
2025-12-08 20:40:29,996 - httpx - INFO - HTTP Request: POST https://api.telegram.org/bot8353713232:AAH9c3MLO5z-o3HRDbHOzs453ysfMFrKFkQ/getUpdates "HTTP/1.1 200 OK"
2025-12-08 20:40:40,227 - httpx - INFO - HTTP Request: POST https://api.telegram.org/bot8353713232:AAH9c3MLO5z-o3HRDbHOzs453ysfMFrKFkQ/getUpdates "HTTP/1.1 200 OK"
2025-12-08 20:40:50,467 - httpx - INFO - HTTP Request: POST https://api.telegram.org/bot8353713232:AAH9c3MLO5z-o3HRDbHOzs453ysfMFrKFkQ/getUpdates "HTTP/1.1 200 OK"
2025-12-08 20:41:00,710 - httpx - INFO - HTTP Request: POST https://api.telegram.org/bot8353713232:AAH9c3MLO5z-o3HRDbHOzs453ysfMFrKFkQ/getUpdates "HTTP/1.1 200 OK"
2025-12-08 20:41:11,002 - httpx - INFO - HTTP Request: POST https://api.telegram.org/bot8353713232:AAH9c3MLO5z-o3HRDbHOzs453ysfMFrKFkQ/getUpdates "HTTP/1.1 200 OK"
2025-12-08 20:41:21,299 - httpx - INFO - HTTP Request: POST https://api.telegram.org/bot8353713232:AAH9c3MLO5z-o3HRDbHOzs453ysfMFrKFkQ/getUpdates "HTTP/1.1 200 OK"
2025-12-08 20:41:31,531 - httpx - INFO - HTTP Request: POST https://api.telegram.org/bot8353713232:AAH9c3MLO5z-o3HRDbHOzs453ysfMFrKFkQ/getUpdates "HTTP/1.1 200 OK"
2025-12-08 20:41:41,723 - httpx - INFO - HTTP Request: POST https://api.telegram.org/bot8353713232:AAH9c3MLO5z-o3HRDbHOzs453ysfMFrKFkQ/getUpdates "HTTP/1.1 200 OK"
2025-12-08 20:41:51,980 - httpx - INFO - HTTP Request: POST https://api.telegram.org/bot8353713232:AAH9c3MLO5z-o3HRDbHOzs453ysfMFrKFkQ/getUpdates "HTTP/1.1 200 OK"
2025-12-08 20:42:02,388 - httpx - INFO - HTTP Request: POST https://api.telegram.org/bot8353713232:AAH9c3MLO5z-o3HRDbHOzs453ysfMFrKFkQ/getUpdates "HTTP/1.1 200 OK"
2025-12-08 20:42:12,975 - httpx - INFO - HTTP Request: POST https://api.telegram.org/bot8353713232:AAH9c3MLO5z-o3HRDbHOzs453ysfMFrKFkQ/getUpdates "HTTP/1.1 200 OK"
2025-12-08 20:42:23,243 - httpx - INFO - HTTP Request: POST https://api.telegram.org/bot8353713232:AAH9c3MLO5z-o3HRDbHOzs453ysfMFrKFkQ/getUpdates "HTTP/1.1 200 OK"
2025-12-08 20:42:33,487 - httpx - INFO - HTTP Request: POST https://api.telegram.org/bot8353713232:AAH9c3MLO5z-o3HRDbHOzs453ysfMFrKFkQ/getUpdates "HTTP/1.1 200 OK"
2025-12-08 20:42:43,723 - httpx - INFO - HTTP Request: POST https://api.telegram.org/bot8353713232:AAH9c3MLO5z-o3HRDbHOzs453ysfMFrKFkQ/getUpdates "HTTP/1.1 200 OK"
2025-12-08 20:42:53,965 - httpx - INFO - HTTP Request: POST https://api.telegram.org/bot8353713232:AAH9c3MLO5z-o3HRDbHOzs453ysfMFrKFkQ/getUpdates "HTTP/1.1 200 OK"
2025-12-08 20:43:04,204 - httpx - INFO - HTTP Request: POST https://api.telegram.org/bot8353713232:AAH9c3MLO5z-o3HRDbHOzs453ysfMFrKFkQ/getUpdates "HTTP/1.1 200 OK"
2025-12-08 20:43:14,536 - httpx - INFO - HTTP Request: POST https://api.telegram.org/bot8353713232:AAH9c3MLO5z-o3HRDbHOzs453ysfMFrKFkQ/getUpdates "HTTP/1.1 200 OK"
2025-12-08 20:43:22,795 - httpx - INFO - HTTP Request: POST https://api.telegram.org/bot8353713232:AAH9c3MLO5z-o3HRDbHOzs453ysfMFrKFkQ/getUpdates "HTTP/1.1 200 OK"
2025-12-08 20:43:22,808 - telegram.ext.Application - INFO - Application is stopping. This might take a moment.
2025-12-08 20:43:22,811 - telegram.ext.Application - INFO - Application.stop() complete
2025-12-08 20:43:37,413 - httpx - INFO - HTTP Request: POST https://api.telegram.org/bot8353713232:AAH9c3MLO5z-o3HRDbHOzs453ysfMFrKFkQ/getMe "HTTP/1.1 200 OK"
2025-12-08 20:43:37,611 - httpx - INFO - HTTP Request: POST https://api.telegram.org/bot8353713232:AAH9c3MLO5z-o3HRDbHOzs453ysfMFrKFkQ/deleteWebhook "HTTP/1.1 200 OK"
2025-12-08 20:43:37,631 - telegram.ext.Application - INFO - Application started
2025-12-08 20:43:48,283 - httpx - INFO - HTTP Request: POST https://api.telegram.org/bot8353713232:AAH9c3MLO5z-o3HRDbHOzs453ysfMFrKFkQ/getUpdates "HTTP/1.1 200 OK"
2025-12-08 20:43:58,729 - httpx - INFO - HTTP Request: POST https://api.telegram.org/bot8353713232:AAH9c3MLO5z-o3HRDbHOzs453ysfMFrKFkQ/getUpdates "HTTP/1.1 200 OK"
2025-12-08 20:44:00,437 - httpx - INFO - HTTP Request: POST https://api.telegram.org/bot8353713232:AAH9c3MLO5z-o3HRDbHOzs453ysfMFrKFkQ/getUpdates "HTTP/1.1 200 OK"
2025-12-08 20:44:01,369 - httpx - INFO - HTTP Request: POST https://api.telegram.org/bot8353713232:AAH9c3MLO5z-o3HRDbHOzs453ysfMFrKFkQ/sendMessage "HTTP/1.1 200 OK"
2025-12-08 20:44:06,461 - httpx - INFO - HTTP Request: POST https://api.telegram.org/bot8353713232:AAH9c3MLO5z-o3HRDbHOzs453ysfMFrKFkQ/getUpdates "HTTP/1.1 200 OK"
2025-12-08 20:44:07,277 - httpx - INFO - HTTP Request: POST https://api.telegram.org/bot8353713232:AAH9c3MLO5z-o3HRDbHOzs453ysfMFrKFkQ/answerCallbackQuery "HTTP/1.1 200 OK"
2025-12-08 20:44:07,464 - httpx - INFO - HTTP Request: POST https://api.telegram.org/bot8353713232:AAH9c3MLO5z-o3HRDbHOzs453ysfMFrKFkQ/editMessageText "HTTP/1.1 400 Bad Request"
2025-12-08 20:44:07,470 - telegram.ext.Application - ERROR - No error handlers are registered, logging exception.
Traceback (most recent call last):
  File "/data/data/com.termux/files/usr/lib/python3.12/site-packages/telegram/ext/_application.py", line 1315, in process_update
    await coroutine
  File "/data/data/com.termux/files/usr/lib/python3.12/site-packages/telegram/ext/_handlers/basehandler.py", line 159, in handle_update
    return await self.callback(update, context)
           ^^^^^^^^^^^^^^^^^^^^^^^^^^^^^^^^^^^^
  File "/storage/emulated/0/Telegram_bot/handlers/user_commands.py", line 74, in button_handler
    await query.edit_message_text(
  File "/data/data/com.termux/files/usr/lib/python3.12/site-packages/telegram/_callbackquery.py", line 268, in edit_message_text
    return await self._get_message().edit_text(
           ^^^^^^^^^^^^^^^^^^^^^^^^^^^^^^^^^^^^
  File "/data/data/com.termux/files/usr/lib/python3.12/site-packages/telegram/_message.py", line 4142, in edit_text
    return await self.get_bot().edit_message_text(
           ^^^^^^^^^^^^^^^^^^^^^^^^^^^^^^^^^^^^^^^
  File "/data/data/com.termux/files/usr/lib/python3.12/site-packages/telegram/ext/_extbot.py", line 1735, in edit_message_text
    return await super().edit_message_text(
           ^^^^^^^^^^^^^^^^^^^^^^^^^^^^^^^^
  File "/data/data/com.termux/files/usr/lib/python3.12/site-packages/telegram/_bot.py", line 4463, in edit_message_text
    return await self._send_message(
           ^^^^^^^^^^^^^^^^^^^^^^^^^
  File "/data/data/com.termux/files/usr/lib/python3.12/site-packages/telegram/ext/_extbot.py", line 634, in _send_message
    result = await super()._send_message(
             ^^^^^^^^^^^^^^^^^^^^^^^^^^^^
  File "/data/data/com.termux/files/usr/lib/python3.12/site-packages/telegram/_bot.py", line 819, in _send_message
    result = await self._post(
             ^^^^^^^^^^^^^^^^^
  File "/data/data/com.termux/files/usr/lib/python3.12/site-packages/telegram/_bot.py", line 703, in _post
    return await self._do_post(
           ^^^^^^^^^^^^^^^^^^^^
  File "/data/data/com.termux/files/usr/lib/python3.12/site-packages/telegram/ext/_extbot.py", line 372, in _do_post
    return await super()._do_post(
           ^^^^^^^^^^^^^^^^^^^^^^^
  File "/data/data/com.termux/files/usr/lib/python3.12/site-packages/telegram/_bot.py", line 732, in _do_post
    result = await request.post(
             ^^^^^^^^^^^^^^^^^^^
  File "/data/data/com.termux/files/usr/lib/python3.12/site-packages/telegram/request/_baserequest.py", line 198, in post
    result = await self._request_wrapper(
             ^^^^^^^^^^^^^^^^^^^^^^^^^^^^
  File "/data/data/com.termux/files/usr/lib/python3.12/site-packages/telegram/request/_baserequest.py", line 375, in _request_wrapper
    raise exception
telegram.error.BadRequest: Can't parse entities: can't find end of the entity starting at byte offset 483
2025-12-08 20:44:10,357 - httpx - INFO - HTTP Request: POST https://api.telegram.org/bot8353713232:AAH9c3MLO5z-o3HRDbHOzs453ysfMFrKFkQ/getUpdates "HTTP/1.1 200 OK"
2025-12-08 20:44:10,775 - httpx - INFO - HTTP Request: POST https://api.telegram.org/bot8353713232:AAH9c3MLO5z-o3HRDbHOzs453ysfMFrKFkQ/answerCallbackQuery "HTTP/1.1 200 OK"
2025-12-08 20:44:11,048 - httpx - INFO - HTTP Request: POST https://api.telegram.org/bot8353713232:AAH9c3MLO5z-o3HRDbHOzs453ysfMFrKFkQ/editMessageText "HTTP/1.1 400 Bad Request"
2025-12-08 20:44:11,051 - telegram.ext.Application - ERROR - No error handlers are registered, logging exception.
Traceback (most recent call last):
  File "/data/data/com.termux/files/usr/lib/python3.12/site-packages/telegram/ext/_application.py", line 1315, in process_update
    await coroutine
  File "/data/data/com.termux/files/usr/lib/python3.12/site-packages/telegram/ext/_handlers/basehandler.py", line 159, in handle_update
    return await self.callback(update, context)
           ^^^^^^^^^^^^^^^^^^^^^^^^^^^^^^^^^^^^
  File "/storage/emulated/0/Telegram_bot/handlers/user_commands.py", line 74, in button_handler
    await query.edit_message_text(
  File "/data/data/com.termux/files/usr/lib/python3.12/site-packages/telegram/_callbackquery.py", line 268, in edit_message_text
    return await self._get_message().edit_text(
           ^^^^^^^^^^^^^^^^^^^^^^^^^^^^^^^^^^^^
  File "/data/data/com.termux/files/usr/lib/python3.12/site-packages/telegram/_message.py", line 4142, in edit_text
    return await self.get_bot().edit_message_text(
           ^^^^^^^^^^^^^^^^^^^^^^^^^^^^^^^^^^^^^^^
  File "/data/data/com.termux/files/usr/lib/python3.12/site-packages/telegram/ext/_extbot.py", line 1735, in edit_message_text
    return await super().edit_message_text(
           ^^^^^^^^^^^^^^^^^^^^^^^^^^^^^^^^
  File "/data/data/com.termux/files/usr/lib/python3.12/site-packages/telegram/_bot.py", line 4463, in edit_message_text
    return await self._send_message(
           ^^^^^^^^^^^^^^^^^^^^^^^^^
  File "/data/data/com.termux/files/usr/lib/python3.12/site-packages/telegram/ext/_extbot.py", line 634, in _send_message
    result = await super()._send_message(
             ^^^^^^^^^^^^^^^^^^^^^^^^^^^^
  File "/data/data/com.termux/files/usr/lib/python3.12/site-packages/telegram/_bot.py", line 819, in _send_message
    result = await self._post(
             ^^^^^^^^^^^^^^^^^
  File "/data/data/com.termux/files/usr/lib/python3.12/site-packages/telegram/_bot.py", line 703, in _post
    return await self._do_post(
           ^^^^^^^^^^^^^^^^^^^^
  File "/data/data/com.termux/files/usr/lib/python3.12/site-packages/telegram/ext/_extbot.py", line 372, in _do_post
    return await super()._do_post(
           ^^^^^^^^^^^^^^^^^^^^^^^
  File "/data/data/com.termux/files/usr/lib/python3.12/site-packages/telegram/_bot.py", line 732, in _do_post
    result = await request.post(
             ^^^^^^^^^^^^^^^^^^^
  File "/data/data/com.termux/files/usr/lib/python3.12/site-packages/telegram/request/_baserequest.py", line 198, in post
    result = await self._request_wrapper(
             ^^^^^^^^^^^^^^^^^^^^^^^^^^^^
  File "/data/data/com.termux/files/usr/lib/python3.12/site-packages/telegram/request/_baserequest.py", line 375, in _request_wrapper
    raise exception
telegram.error.BadRequest: Can't parse entities: can't find end of the entity starting at byte offset 483
2025-12-08 20:44:13,200 - httpx - INFO - HTTP Request: POST https://api.telegram.org/bot8353713232:AAH9c3MLO5z-o3HRDbHOzs453ysfMFrKFkQ/getUpdates "HTTP/1.1 200 OK"
2025-12-08 20:44:13,546 - httpx - INFO - HTTP Request: POST https://api.telegram.org/bot8353713232:AAH9c3MLO5z-o3HRDbHOzs453ysfMFrKFkQ/getUpdates "HTTP/1.1 200 OK"
2025-12-08 20:44:13,584 - httpx - INFO - HTTP Request: POST https://api.telegram.org/bot8353713232:AAH9c3MLO5z-o3HRDbHOzs453ysfMFrKFkQ/answerCallbackQuery "HTTP/1.1 200 OK"
2025-12-08 20:44:13,772 - httpx - INFO - HTTP Request: POST https://api.telegram.org/bot8353713232:AAH9c3MLO5z-o3HRDbHOzs453ysfMFrKFkQ/getUpdates "HTTP/1.1 200 OK"
2025-12-08 20:44:13,872 - httpx - INFO - HTTP Request: POST https://api.telegram.org/bot8353713232:AAH9c3MLO5z-o3HRDbHOzs453ysfMFrKFkQ/editMessageText "HTTP/1.1 400 Bad Request"
2025-12-08 20:44:13,878 - telegram.ext.Application - ERROR - No error handlers are registered, logging exception.
Traceback (most recent call last):
  File "/data/data/com.termux/files/usr/lib/python3.12/site-packages/telegram/ext/_application.py", line 1315, in process_update
    await coroutine
  File "/data/data/com.termux/files/usr/lib/python3.12/site-packages/telegram/ext/_handlers/basehandler.py", line 159, in handle_update
    return await self.callback(update, context)
           ^^^^^^^^^^^^^^^^^^^^^^^^^^^^^^^^^^^^
  File "/storage/emulated/0/Telegram_bot/handlers/user_commands.py", line 74, in button_handler
    await query.edit_message_text(
  File "/data/data/com.termux/files/usr/lib/python3.12/site-packages/telegram/_callbackquery.py", line 268, in edit_message_text
    return await self._get_message().edit_text(
           ^^^^^^^^^^^^^^^^^^^^^^^^^^^^^^^^^^^^
  File "/data/data/com.termux/files/usr/lib/python3.12/site-packages/telegram/_message.py", line 4142, in edit_text
    return await self.get_bot().edit_message_text(
           ^^^^^^^^^^^^^^^^^^^^^^^^^^^^^^^^^^^^^^^
  File "/data/data/com.termux/files/usr/lib/python3.12/site-packages/telegram/ext/_extbot.py", line 1735, in edit_message_text
    return await super().edit_message_text(
           ^^^^^^^^^^^^^^^^^^^^^^^^^^^^^^^^
  File "/data/data/com.termux/files/usr/lib/python3.12/site-packages/telegram/_bot.py", line 4463, in edit_message_text
    return await self._send_message(
           ^^^^^^^^^^^^^^^^^^^^^^^^^
  File "/data/data/com.termux/files/usr/lib/python3.12/site-packages/telegram/ext/_extbot.py", line 634, in _send_message
    result = await super()._send_message(
             ^^^^^^^^^^^^^^^^^^^^^^^^^^^^
  File "/data/data/com.termux/files/usr/lib/python3.12/site-packages/telegram/_bot.py", line 819, in _send_message
    result = await self._post(
             ^^^^^^^^^^^^^^^^^
  File "/data/data/com.termux/files/usr/lib/python3.12/site-packages/telegram/_bot.py", line 703, in _post
    return await self._do_post(
           ^^^^^^^^^^^^^^^^^^^^
  File "/data/data/com.termux/files/usr/lib/python3.12/site-packages/telegram/ext/_extbot.py", line 372, in _do_post
    return await super()._do_post(
           ^^^^^^^^^^^^^^^^^^^^^^^
  File "/data/data/com.termux/files/usr/lib/python3.12/site-packages/telegram/_bot.py", line 732, in _do_post
    result = await request.post(
             ^^^^^^^^^^^^^^^^^^^
  File "/data/data/com.termux/files/usr/lib/python3.12/site-packages/telegram/request/_baserequest.py", line 198, in post
    result = await self._request_wrapper(
             ^^^^^^^^^^^^^^^^^^^^^^^^^^^^
  File "/data/data/com.termux/files/usr/lib/python3.12/site-packages/telegram/request/_baserequest.py", line 375, in _request_wrapper
    raise exception
telegram.error.BadRequest: Can't parse entities: can't find end of the entity starting at byte offset 483
2025-12-08 20:44:13,982 - httpx - INFO - HTTP Request: POST https://api.telegram.org/bot8353713232:AAH9c3MLO5z-o3HRDbHOzs453ysfMFrKFkQ/getUpdates "HTTP/1.1 200 OK"
2025-12-08 20:44:14,281 - httpx - INFO - HTTP Request: POST https://api.telegram.org/bot8353713232:AAH9c3MLO5z-o3HRDbHOzs453ysfMFrKFkQ/getUpdates "HTTP/1.1 200 OK"
2025-12-08 20:44:14,331 - httpx - INFO - HTTP Request: POST https://api.telegram.org/bot8353713232:AAH9c3MLO5z-o3HRDbHOzs453ysfMFrKFkQ/answerCallbackQuery "HTTP/1.1 200 OK"
2025-12-08 20:44:14,512 - httpx - INFO - HTTP Request: POST https://api.telegram.org/bot8353713232:AAH9c3MLO5z-o3HRDbHOzs453ysfMFrKFkQ/editMessageText "HTTP/1.1 400 Bad Request"
2025-12-08 20:44:14,521 - telegram.ext.Application - ERROR - No error handlers are registered, logging exception.
Traceback (most recent call last):
  File "/data/data/com.termux/files/usr/lib/python3.12/site-packages/telegram/ext/_application.py", line 1315, in process_update
    await coroutine
  File "/data/data/com.termux/files/usr/lib/python3.12/site-packages/telegram/ext/_handlers/basehandler.py", line 159, in handle_update
    return await self.callback(update, context)
           ^^^^^^^^^^^^^^^^^^^^^^^^^^^^^^^^^^^^
  File "/storage/emulated/0/Telegram_bot/handlers/user_commands.py", line 74, in button_handler
    await query.edit_message_text(
  File "/data/data/com.termux/files/usr/lib/python3.12/site-packages/telegram/_callbackquery.py", line 268, in edit_message_text
    return await self._get_message().edit_text(
           ^^^^^^^^^^^^^^^^^^^^^^^^^^^^^^^^^^^^
  File "/data/data/com.termux/files/usr/lib/python3.12/site-packages/telegram/_message.py", line 4142, in edit_text
    return await self.get_bot().edit_message_text(
           ^^^^^^^^^^^^^^^^^^^^^^^^^^^^^^^^^^^^^^^
  File "/data/data/com.termux/files/usr/lib/python3.12/site-packages/telegram/ext/_extbot.py", line 1735, in edit_message_text
    return await super().edit_message_text(
           ^^^^^^^^^^^^^^^^^^^^^^^^^^^^^^^^
  File "/data/data/com.termux/files/usr/lib/python3.12/site-packages/telegram/_bot.py", line 4463, in edit_message_text
    return await self._send_message(
           ^^^^^^^^^^^^^^^^^^^^^^^^^
  File "/data/data/com.termux/files/usr/lib/python3.12/site-packages/telegram/ext/_extbot.py", line 634, in _send_message
    result = await super()._send_message(
             ^^^^^^^^^^^^^^^^^^^^^^^^^^^^
  File "/data/data/com.termux/files/usr/lib/python3.12/site-packages/telegram/_bot.py", line 819, in _send_message
    result = await self._post(
             ^^^^^^^^^^^^^^^^^
  File "/data/data/com.termux/files/usr/lib/python3.12/site-packages/telegram/_bot.py", line 703, in _post
    return await self._do_post(
           ^^^^^^^^^^^^^^^^^^^^
  File "/data/data/com.termux/files/usr/lib/python3.12/site-packages/telegram/ext/_extbot.py", line 372, in _do_post
    return await super()._do_post(
           ^^^^^^^^^^^^^^^^^^^^^^^
  File "/data/data/com.termux/files/usr/lib/python3.12/site-packages/telegram/_bot.py", line 732, in _do_post
    result = await request.post(
             ^^^^^^^^^^^^^^^^^^^
  File "/data/data/com.termux/files/usr/lib/python3.12/site-packages/telegram/request/_baserequest.py", line 198, in post
    result = await self._request_wrapper(
             ^^^^^^^^^^^^^^^^^^^^^^^^^^^^
  File "/data/data/com.termux/files/usr/lib/python3.12/site-packages/telegram/request/_baserequest.py", line 375, in _request_wrapper
    raise exception
telegram.error.BadRequest: Can't parse entities: can't find end of the entity starting at byte offset 483
2025-12-08 20:44:14,879 - httpx - INFO - HTTP Request: POST https://api.telegram.org/bot8353713232:AAH9c3MLO5z-o3HRDbHOzs453ysfMFrKFkQ/answerCallbackQuery "HTTP/1.1 200 OK"
2025-12-08 20:44:15,058 - httpx - INFO - HTTP Request: POST https://api.telegram.org/bot8353713232:AAH9c3MLO5z-o3HRDbHOzs453ysfMFrKFkQ/editMessageText "HTTP/1.1 400 Bad Request"
2025-12-08 20:44:15,067 - telegram.ext.Application - ERROR - No error handlers are registered, logging exception.
Traceback (most recent call last):
  File "/data/data/com.termux/files/usr/lib/python3.12/site-packages/telegram/ext/_application.py", line 1315, in process_update
    await coroutine
  File "/data/data/com.termux/files/usr/lib/python3.12/site-packages/telegram/ext/_handlers/basehandler.py", line 159, in handle_update
    return await self.callback(update, context)
           ^^^^^^^^^^^^^^^^^^^^^^^^^^^^^^^^^^^^
  File "/storage/emulated/0/Telegram_bot/handlers/user_commands.py", line 74, in button_handler
    await query.edit_message_text(
  File "/data/data/com.termux/files/usr/lib/python3.12/site-packages/telegram/_callbackquery.py", line 268, in edit_message_text
    return await self._get_message().edit_text(
           ^^^^^^^^^^^^^^^^^^^^^^^^^^^^^^^^^^^^
  File "/data/data/com.termux/files/usr/lib/python3.12/site-packages/telegram/_message.py", line 4142, in edit_text
    return await self.get_bot().edit_message_text(
           ^^^^^^^^^^^^^^^^^^^^^^^^^^^^^^^^^^^^^^^
  File "/data/data/com.termux/files/usr/lib/python3.12/site-packages/telegram/ext/_extbot.py", line 1735, in edit_message_text
    return await super().edit_message_text(
           ^^^^^^^^^^^^^^^^^^^^^^^^^^^^^^^^
  File "/data/data/com.termux/files/usr/lib/python3.12/site-packages/telegram/_bot.py", line 4463, in edit_message_text
    return await self._send_message(
           ^^^^^^^^^^^^^^^^^^^^^^^^^
  File "/data/data/com.termux/files/usr/lib/python3.12/site-packages/telegram/ext/_extbot.py", line 634, in _send_message
    result = await super()._send_message(
             ^^^^^^^^^^^^^^^^^^^^^^^^^^^^
  File "/data/data/com.termux/files/usr/lib/python3.12/site-packages/telegram/_bot.py", line 819, in _send_message
    result = await self._post(
             ^^^^^^^^^^^^^^^^^
  File "/data/data/com.termux/files/usr/lib/python3.12/site-packages/telegram/_bot.py", line 703, in _post
    return await self._do_post(
           ^^^^^^^^^^^^^^^^^^^^
  File "/data/data/com.termux/files/usr/lib/python3.12/site-packages/telegram/ext/_extbot.py", line 372, in _do_post
    return await super()._do_post(
           ^^^^^^^^^^^^^^^^^^^^^^^
  File "/data/data/com.termux/files/usr/lib/python3.12/site-packages/telegram/_bot.py", line 732, in _do_post
    result = await request.post(
             ^^^^^^^^^^^^^^^^^^^
  File "/data/data/com.termux/files/usr/lib/python3.12/site-packages/telegram/request/_baserequest.py", line 198, in post
    result = await self._request_wrapper(
             ^^^^^^^^^^^^^^^^^^^^^^^^^^^^
  File "/data/data/com.termux/files/usr/lib/python3.12/site-packages/telegram/request/_baserequest.py", line 375, in _request_wrapper
    raise exception
telegram.error.BadRequest: Can't parse entities: can't find end of the entity starting at byte offset 483
2025-12-08 20:44:15,452 - httpx - INFO - HTTP Request: POST https://api.telegram.org/bot8353713232:AAH9c3MLO5z-o3HRDbHOzs453ysfMFrKFkQ/answerCallbackQuery "HTTP/1.1 200 OK"
2025-12-08 20:44:15,680 - httpx - INFO - HTTP Request: POST https://api.telegram.org/bot8353713232:AAH9c3MLO5z-o3HRDbHOzs453ysfMFrKFkQ/editMessageText "HTTP/1.1 400 Bad Request"
2025-12-08 20:44:15,717 - telegram.ext.Application - ERROR - No error handlers are registered, logging exception.
Traceback (most recent call last):
  File "/data/data/com.termux/files/usr/lib/python3.12/site-packages/telegram/ext/_application.py", line 1315, in process_update
    await coroutine
  File "/data/data/com.termux/files/usr/lib/python3.12/site-packages/telegram/ext/_handlers/basehandler.py", line 159, in handle_update
    return await self.callback(update, context)
           ^^^^^^^^^^^^^^^^^^^^^^^^^^^^^^^^^^^^
  File "/storage/emulated/0/Telegram_bot/handlers/user_commands.py", line 74, in button_handler
    await query.edit_message_text(
  File "/data/data/com.termux/files/usr/lib/python3.12/site-packages/telegram/_callbackquery.py", line 268, in edit_message_text
    return await self._get_message().edit_text(
           ^^^^^^^^^^^^^^^^^^^^^^^^^^^^^^^^^^^^
  File "/data/data/com.termux/files/usr/lib/python3.12/site-packages/telegram/_message.py", line 4142, in edit_text
    return await self.get_bot().edit_message_text(
           ^^^^^^^^^^^^^^^^^^^^^^^^^^^^^^^^^^^^^^^
  File "/data/data/com.termux/files/usr/lib/python3.12/site-packages/telegram/ext/_extbot.py", line 1735, in edit_message_text
    return await super().edit_message_text(
           ^^^^^^^^^^^^^^^^^^^^^^^^^^^^^^^^
  File "/data/data/com.termux/files/usr/lib/python3.12/site-packages/telegram/_bot.py", line 4463, in edit_message_text
    return await self._send_message(
           ^^^^^^^^^^^^^^^^^^^^^^^^^
  File "/data/data/com.termux/files/usr/lib/python3.12/site-packages/telegram/ext/_extbot.py", line 634, in _send_message
    result = await super()._send_message(
             ^^^^^^^^^^^^^^^^^^^^^^^^^^^^
  File "/data/data/com.termux/files/usr/lib/python3.12/site-packages/telegram/_bot.py", line 819, in _send_message
    result = await self._post(
             ^^^^^^^^^^^^^^^^^
  File "/data/data/com.termux/files/usr/lib/python3.12/site-packages/telegram/_bot.py", line 703, in _post
    return await self._do_post(
           ^^^^^^^^^^^^^^^^^^^^
  File "/data/data/com.termux/files/usr/lib/python3.12/site-packages/telegram/ext/_extbot.py", line 372, in _do_post
    return await super()._do_post(
           ^^^^^^^^^^^^^^^^^^^^^^^
  File "/data/data/com.termux/files/usr/lib/python3.12/site-packages/telegram/_bot.py", line 732, in _do_post
    result = await request.post(
             ^^^^^^^^^^^^^^^^^^^
  File "/data/data/com.termux/files/usr/lib/python3.12/site-packages/telegram/request/_baserequest.py", line 198, in post
    result = await self._request_wrapper(
             ^^^^^^^^^^^^^^^^^^^^^^^^^^^^
  File "/data/data/com.termux/files/usr/lib/python3.12/site-packages/telegram/request/_baserequest.py", line 375, in _request_wrapper
    raise exception
telegram.error.BadRequest: Can't parse entities: can't find end of the entity starting at byte offset 483
2025-12-08 20:44:16,092 - httpx - INFO - HTTP Request: POST https://api.telegram.org/bot8353713232:AAH9c3MLO5z-o3HRDbHOzs453ysfMFrKFkQ/answerCallbackQuery "HTTP/1.1 200 OK"
2025-12-08 20:44:16,372 - httpx - INFO - HTTP Request: POST https://api.telegram.org/bot8353713232:AAH9c3MLO5z-o3HRDbHOzs453ysfMFrKFkQ/editMessageText "HTTP/1.1 400 Bad Request"
2025-12-08 20:44:16,380 - telegram.ext.Application - ERROR - No error handlers are registered, logging exception.
Traceback (most recent call last):
  File "/data/data/com.termux/files/usr/lib/python3.12/site-packages/telegram/ext/_application.py", line 1315, in process_update
    await coroutine
  File "/data/data/com.termux/files/usr/lib/python3.12/site-packages/telegram/ext/_handlers/basehandler.py", line 159, in handle_update
    return await self.callback(update, context)
           ^^^^^^^^^^^^^^^^^^^^^^^^^^^^^^^^^^^^
  File "/storage/emulated/0/Telegram_bot/handlers/user_commands.py", line 74, in button_handler
    await query.edit_message_text(
  File "/data/data/com.termux/files/usr/lib/python3.12/site-packages/telegram/_callbackquery.py", line 268, in edit_message_text
    return await self._get_message().edit_text(
           ^^^^^^^^^^^^^^^^^^^^^^^^^^^^^^^^^^^^
  File "/data/data/com.termux/files/usr/lib/python3.12/site-packages/telegram/_message.py", line 4142, in edit_text
    return await self.get_bot().edit_message_text(
           ^^^^^^^^^^^^^^^^^^^^^^^^^^^^^^^^^^^^^^^
  File "/data/data/com.termux/files/usr/lib/python3.12/site-packages/telegram/ext/_extbot.py", line 1735, in edit_message_text
    return await super().edit_message_text(
           ^^^^^^^^^^^^^^^^^^^^^^^^^^^^^^^^
  File "/data/data/com.termux/files/usr/lib/python3.12/site-packages/telegram/_bot.py", line 4463, in edit_message_text
    return await self._send_message(
           ^^^^^^^^^^^^^^^^^^^^^^^^^
  File "/data/data/com.termux/files/usr/lib/python3.12/site-packages/telegram/ext/_extbot.py", line 634, in _send_message
    result = await super()._send_message(
             ^^^^^^^^^^^^^^^^^^^^^^^^^^^^
  File "/data/data/com.termux/files/usr/lib/python3.12/site-packages/telegram/_bot.py", line 819, in _send_message
    result = await self._post(
             ^^^^^^^^^^^^^^^^^
  File "/data/data/com.termux/files/usr/lib/python3.12/site-packages/telegram/_bot.py", line 703, in _post
    return await self._do_post(
           ^^^^^^^^^^^^^^^^^^^^
  File "/data/data/com.termux/files/usr/lib/python3.12/site-packages/telegram/ext/_extbot.py", line 372, in _do_post
    return await super()._do_post(
           ^^^^^^^^^^^^^^^^^^^^^^^
  File "/data/data/com.termux/files/usr/lib/python3.12/site-packages/telegram/_bot.py", line 732, in _do_post
    result = await request.post(
             ^^^^^^^^^^^^^^^^^^^
  File "/data/data/com.termux/files/usr/lib/python3.12/site-packages/telegram/request/_baserequest.py", line 198, in post
    result = await self._request_wrapper(
             ^^^^^^^^^^^^^^^^^^^^^^^^^^^^
  File "/data/data/com.termux/files/usr/lib/python3.12/site-packages/telegram/request/_baserequest.py", line 375, in _request_wrapper
    raise exception
telegram.error.BadRequest: Can't parse entities: can't find end of the entity starting at byte offset 483
2025-12-08 20:44:18,499 - httpx - INFO - HTTP Request: POST https://api.telegram.org/bot8353713232:AAH9c3MLO5z-o3HRDbHOzs453ysfMFrKFkQ/getUpdates "HTTP/1.1 200 OK"
2025-12-08 20:44:18,932 - httpx - INFO - HTTP Request: POST https://api.telegram.org/bot8353713232:AAH9c3MLO5z-o3HRDbHOzs453ysfMFrKFkQ/sendMessage "HTTP/1.1 200 OK"
2025-12-08 20:44:28,723 - httpx - INFO - HTTP Request: POST https://api.telegram.org/bot8353713232:AAH9c3MLO5z-o3HRDbHOzs453ysfMFrKFkQ/getUpdates "HTTP/1.1 200 OK"
2025-12-08 20:44:39,025 - httpx - INFO - HTTP Request: POST https://api.telegram.org/bot8353713232:AAH9c3MLO5z-o3HRDbHOzs453ysfMFrKFkQ/getUpdates "HTTP/1.1 200 OK"
2025-12-08 20:44:49,270 - httpx - INFO - HTTP Request: POST https://api.telegram.org/bot8353713232:AAH9c3MLO5z-o3HRDbHOzs453ysfMFrKFkQ/getUpdates "HTTP/1.1 200 OK"
2025-12-08 20:44:59,506 - httpx - INFO - HTTP Request: POST https://api.telegram.org/bot8353713232:AAH9c3MLO5z-o3HRDbHOzs453ysfMFrKFkQ/getUpdates "HTTP/1.1 200 OK"
2025-12-08 20:45:09,813 - httpx - INFO - HTTP Request: POST https://api.telegram.org/bot8353713232:AAH9c3MLO5z-o3HRDbHOzs453ysfMFrKFkQ/getUpdates "HTTP/1.1 200 OK"
2025-12-08 20:45:20,207 - httpx - INFO - HTTP Request: POST https://api.telegram.org/bot8353713232:AAH9c3MLO5z-o3HRDbHOzs453ysfMFrKFkQ/getUpdates "HTTP/1.1 200 OK"
2025-12-08 20:45:30,473 - httpx - INFO - HTTP Request: POST https://api.telegram.org/bot8353713232:AAH9c3MLO5z-o3HRDbHOzs453ysfMFrKFkQ/getUpdates "HTTP/1.1 200 OK"
2025-12-08 20:45:40,732 - httpx - INFO - HTTP Request: POST https://api.telegram.org/bot8353713232:AAH9c3MLO5z-o3HRDbHOzs453ysfMFrKFkQ/getUpdates "HTTP/1.1 200 OK"
2025-12-08 20:45:51,014 - httpx - INFO - HTTP Request: POST https://api.telegram.org/bot8353713232:AAH9c3MLO5z-o3HRDbHOzs453ysfMFrKFkQ/getUpdates "HTTP/1.1 200 OK"
2025-12-08 20:46:01,354 - httpx - INFO - HTTP Request: POST https://api.telegram.org/bot8353713232:AAH9c3MLO5z-o3HRDbHOzs453ysfMFrKFkQ/getUpdates "HTTP/1.1 200 OK"
2025-12-08 20:46:11,599 - httpx - INFO - HTTP Request: POST https://api.telegram.org/bot8353713232:AAH9c3MLO5z-o3HRDbHOzs453ysfMFrKFkQ/getUpdates "HTTP/1.1 200 OK"
2025-12-08 20:46:22,267 - httpx - INFO - HTTP Request: POST https://api.telegram.org/bot8353713232:AAH9c3MLO5z-o3HRDbHOzs453ysfMFrKFkQ/getUpdates "HTTP/1.1 200 OK"
2025-12-08 20:46:32,460 - httpx - INFO - HTTP Request: POST https://api.telegram.org/bot8353713232:AAH9c3MLO5z-o3HRDbHOzs453ysfMFrKFkQ/getUpdates "HTTP/1.1 200 OK"
2025-12-08 20:46:42,668 - httpx - INFO - HTTP Request: POST https://api.telegram.org/bot8353713232:AAH9c3MLO5z-o3HRDbHOzs453ysfMFrKFkQ/getUpdates "HTTP/1.1 200 OK"
2025-12-08 20:46:52,993 - httpx - INFO - HTTP Request: POST https://api.telegram.org/bot8353713232:AAH9c3MLO5z-o3HRDbHOzs453ysfMFrKFkQ/getUpdates "HTTP/1.1 200 OK"
2025-12-08 20:47:03,207 - httpx - INFO - HTTP Request: POST https://api.telegram.org/bot8353713232:AAH9c3MLO5z-o3HRDbHOzs453ysfMFrKFkQ/getUpdates "HTTP/1.1 200 OK"
2025-12-08 20:47:13,448 - httpx - INFO - HTTP Request: POST https://api.telegram.org/bot8353713232:AAH9c3MLO5z-o3HRDbHOzs453ysfMFrKFkQ/getUpdates "HTTP/1.1 200 OK"
2025-12-08 20:47:23,787 - httpx - INFO - HTTP Request: POST https://api.telegram.org/bot8353713232:AAH9c3MLO5z-o3HRDbHOzs453ysfMFrKFkQ/getUpdates "HTTP/1.1 200 OK"
2025-12-08 20:47:33,968 - httpx - INFO - HTTP Request: POST https://api.telegram.org/bot8353713232:AAH9c3MLO5z-o3HRDbHOzs453ysfMFrKFkQ/getUpdates "HTTP/1.1 200 OK"
2025-12-08 20:47:44,268 - httpx - INFO - HTTP Request: POST https://api.telegram.org/bot8353713232:AAH9c3MLO5z-o3HRDbHOzs453ysfMFrKFkQ/getUpdates "HTTP/1.1 200 OK"
2025-12-08 20:47:54,559 - httpx - INFO - HTTP Request: POST https://api.telegram.org/bot8353713232:AAH9c3MLO5z-o3HRDbHOzs453ysfMFrKFkQ/getUpdates "HTTP/1.1 200 OK"
2025-12-08 20:48:04,762 - httpx - INFO - HTTP Request: POST https://api.telegram.org/bot8353713232:AAH9c3MLO5z-o3HRDbHOzs453ysfMFrKFkQ/getUpdates "HTTP/1.1 200 OK"
2025-12-08 20:48:15,091 - httpx - INFO - HTTP Request: POST https://api.telegram.org/bot8353713232:AAH9c3MLO5z-o3HRDbHOzs453ysfMFrKFkQ/getUpdates "HTTP/1.1 200 OK"
2025-12-08 20:48:25,274 - httpx - INFO - HTTP Request: POST https://api.telegram.org/bot8353713232:AAH9c3MLO5z-o3HRDbHOzs453ysfMFrKFkQ/getUpdates "HTTP/1.1 200 OK"
2025-12-08 20:48:35,533 - httpx - INFO - HTTP Request: POST https://api.telegram.org/bot8353713232:AAH9c3MLO5z-o3HRDbHOzs453ysfMFrKFkQ/getUpdates "HTTP/1.1 200 OK"
2025-12-08 20:48:45,818 - httpx - INFO - HTTP Request: POST https://api.telegram.org/bot8353713232:AAH9c3MLO5z-o3HRDbHOzs453ysfMFrKFkQ/getUpdates "HTTP/1.1 200 OK"
2025-12-08 20:48:56,075 - httpx - INFO - HTTP Request: POST https://api.telegram.org/bot8353713232:AAH9c3MLO5z-o3HRDbHOzs453ysfMFrKFkQ/getUpdates "HTTP/1.1 200 OK"
2025-12-08 20:49:06,778 - httpx - INFO - HTTP Request: POST https://api.telegram.org/bot8353713232:AAH9c3MLO5z-o3HRDbHOzs453ysfMFrKFkQ/getUpdates "HTTP/1.1 200 OK"
2025-12-08 20:49:17,070 - httpx - INFO - HTTP Request: POST https://api.telegram.org/bot8353713232:AAH9c3MLO5z-o3HRDbHOzs453ysfMFrKFkQ/getUpdates "HTTP/1.1 200 OK"
2025-12-08 20:49:27,266 - httpx - INFO - HTTP Request: POST https://api.telegram.org/bot8353713232:AAH9c3MLO5z-o3HRDbHOzs453ysfMFrKFkQ/getUpdates "HTTP/1.1 200 OK"
2025-12-08 20:49:37,995 - httpx - INFO - HTTP Request: POST https://api.telegram.org/bot8353713232:AAH9c3MLO5z-o3HRDbHOzs453ysfMFrKFkQ/getUpdates "HTTP/1.1 200 OK"
2025-12-08 20:49:48,247 - httpx - INFO - HTTP Request: POST https://api.telegram.org/bot8353713232:AAH9c3MLO5z-o3HRDbHOzs453ysfMFrKFkQ/getUpdates "HTTP/1.1 200 OK"
2025-12-08 20:49:58,592 - httpx - INFO - HTTP Request: POST https://api.telegram.org/bot8353713232:AAH9c3MLO5z-o3HRDbHOzs453ysfMFrKFkQ/getUpdates "HTTP/1.1 200 OK"
2025-12-08 20:50:08,803 - httpx - INFO - HTTP Request: POST https://api.telegram.org/bot8353713232:AAH9c3MLO5z-o3HRDbHOzs453ysfMFrKFkQ/getUpdates "HTTP/1.1 200 OK"
2025-12-08 20:50:19,723 - httpx - INFO - HTTP Request: POST https://api.telegram.org/bot8353713232:AAH9c3MLO5z-o3HRDbHOzs453ysfMFrKFkQ/getUpdates "HTTP/1.1 200 OK"
2025-12-08 20:50:30,439 - httpx - INFO - HTTP Request: POST https://api.telegram.org/bot8353713232:AAH9c3MLO5z-o3HRDbHOzs453ysfMFrKFkQ/getUpdates "HTTP/1.1 200 OK"
2025-12-08 20:50:40,658 - httpx - INFO - HTTP Request: POST https://api.telegram.org/bot8353713232:AAH9c3MLO5z-o3HRDbHOzs453ysfMFrKFkQ/getUpdates "HTTP/1.1 200 OK"
2025-12-08 20:50:50,891 - httpx - INFO - HTTP Request: POST https://api.telegram.org/bot8353713232:AAH9c3MLO5z-o3HRDbHOzs453ysfMFrKFkQ/getUpdates "HTTP/1.1 200 OK"
2025-12-08 20:51:01,133 - httpx - INFO - HTTP Request: POST https://api.telegram.org/bot8353713232:AAH9c3MLO5z-o3HRDbHOzs453ysfMFrKFkQ/getUpdates "HTTP/1.1 200 OK"
2025-12-08 20:51:12,055 - httpx - INFO - HTTP Request: POST https://api.telegram.org/bot8353713232:AAH9c3MLO5z-o3HRDbHOzs453ysfMFrKFkQ/getUpdates "HTTP/1.1 200 OK"
2025-12-08 20:51:22,977 - httpx - INFO - HTTP Request: POST https://api.telegram.org/bot8353713232:AAH9c3MLO5z-o3HRDbHOzs453ysfMFrKFkQ/getUpdates "HTTP/1.1 200 OK"
2025-12-08 20:51:34,274 - httpx - INFO - HTTP Request: POST https://api.telegram.org/bot8353713232:AAH9c3MLO5z-o3HRDbHOzs453ysfMFrKFkQ/getUpdates "HTTP/1.1 200 OK"
2025-12-08 20:51:44,576 - httpx - INFO - HTTP Request: POST https://api.telegram.org/bot8353713232:AAH9c3MLO5z-o3HRDbHOzs453ysfMFrKFkQ/getUpdates "HTTP/1.1 200 OK"
2025-12-08 20:51:54,882 - httpx - INFO - HTTP Request: POST https://api.telegram.org/bot8353713232:AAH9c3MLO5z-o3HRDbHOzs453ysfMFrKFkQ/getUpdates "HTTP/1.1 200 OK"
2025-12-08 20:52:05,121 - httpx - INFO - HTTP Request: POST https://api.telegram.org/bot8353713232:AAH9c3MLO5z-o3HRDbHOzs453ysfMFrKFkQ/getUpdates "HTTP/1.1 200 OK"
2025-12-08 20:52:15,307 - httpx - INFO - HTTP Request: POST https://api.telegram.org/bot8353713232:AAH9c3MLO5z-o3HRDbHOzs453ysfMFrKFkQ/getUpdates "HTTP/1.1 200 OK"
2025-12-08 20:52:25,563 - httpx - INFO - HTTP Request: POST https://api.telegram.org/bot8353713232:AAH9c3MLO5z-o3HRDbHOzs453ysfMFrKFkQ/getUpdates "HTTP/1.1 200 OK"
2025-12-08 20:52:35,768 - httpx - INFO - HTTP Request: POST https://api.telegram.org/bot8353713232:AAH9c3MLO5z-o3HRDbHOzs453ysfMFrKFkQ/getUpdates "HTTP/1.1 200 OK"
2025-12-08 20:52:45,983 - httpx - INFO - HTTP Request: POST https://api.telegram.org/bot8353713232:AAH9c3MLO5z-o3HRDbHOzs453ysfMFrKFkQ/getUpdates "HTTP/1.1 200 OK"
2025-12-08 20:52:56,179 - httpx - INFO - HTTP Request: POST https://api.telegram.org/bot8353713232:AAH9c3MLO5z-o3HRDbHOzs453ysfMFrKFkQ/getUpdates "HTTP/1.1 200 OK"
2025-12-08 20:53:06,447 - httpx - INFO - HTTP Request: POST https://api.telegram.org/bot8353713232:AAH9c3MLO5z-o3HRDbHOzs453ysfMFrKFkQ/getUpdates "HTTP/1.1 200 OK"
2025-12-08 20:53:16,772 - httpx - INFO - HTTP Request: POST https://api.telegram.org/bot8353713232:AAH9c3MLO5z-o3HRDbHOzs453ysfMFrKFkQ/getUpdates "HTTP/1.1 200 OK"
2025-12-08 20:53:26,958 - httpx - INFO - HTTP Request: POST https://api.telegram.org/bot8353713232:AAH9c3MLO5z-o3HRDbHOzs453ysfMFrKFkQ/getUpdates "HTTP/1.1 200 OK"
2025-12-08 20:53:37,194 - httpx - INFO - HTTP Request: POST https://api.telegram.org/bot8353713232:AAH9c3MLO5z-o3HRDbHOzs453ysfMFrKFkQ/getUpdates "HTTP/1.1 200 OK"
2025-12-08 20:53:47,384 - httpx - INFO - HTTP Request: POST https://api.telegram.org/bot8353713232:AAH9c3MLO5z-o3HRDbHOzs453ysfMFrKFkQ/getUpdates "HTTP/1.1 200 OK"
2025-12-08 20:53:57,607 - httpx - INFO - HTTP Request: POST https://api.telegram.org/bot8353713232:AAH9c3MLO5z-o3HRDbHOzs453ysfMFrKFkQ/getUpdates "HTTP/1.1 200 OK"
2025-12-08 20:54:07,818 - httpx - INFO - HTTP Request: POST https://api.telegram.org/bot8353713232:AAH9c3MLO5z-o3HRDbHOzs453ysfMFrKFkQ/getUpdates "HTTP/1.1 200 OK"
2025-12-08 20:54:18,007 - httpx - INFO - HTTP Request: POST https://api.telegram.org/bot8353713232:AAH9c3MLO5z-o3HRDbHOzs453ysfMFrKFkQ/getUpdates "HTTP/1.1 200 OK"
2025-12-08 20:54:28,445 - httpx - INFO - HTTP Request: POST https://api.telegram.org/bot8353713232:AAH9c3MLO5z-o3HRDbHOzs453ysfMFrKFkQ/getUpdates "HTTP/1.1 200 OK"
2025-12-08 20:54:38,786 - httpx - INFO - HTTP Request: POST https://api.telegram.org/bot8353713232:AAH9c3MLO5z-o3HRDbHOzs453ysfMFrKFkQ/getUpdates "HTTP/1.1 200 OK"
2025-12-08 20:54:49,026 - httpx - INFO - HTTP Request: POST https://api.telegram.org/bot8353713232:AAH9c3MLO5z-o3HRDbHOzs453ysfMFrKFkQ/getUpdates "HTTP/1.1 200 OK"
2025-12-08 20:54:59,265 - httpx - INFO - HTTP Request: POST https://api.telegram.org/bot8353713232:AAH9c3MLO5z-o3HRDbHOzs453ysfMFrKFkQ/getUpdates "HTTP/1.1 200 OK"
2025-12-08 20:55:09,446 - httpx - INFO - HTTP Request: POST https://api.telegram.org/bot8353713232:AAH9c3MLO5z-o3HRDbHOzs453ysfMFrKFkQ/getUpdates "HTTP/1.1 200 OK"
2025-12-08 20:55:19,678 - httpx - INFO - HTTP Request: POST https://api.telegram.org/bot8353713232:AAH9c3MLO5z-o3HRDbHOzs453ysfMFrKFkQ/getUpdates "HTTP/1.1 200 OK"
2025-12-08 20:55:29,878 - httpx - INFO - HTTP Request: POST https://api.telegram.org/bot8353713232:AAH9c3MLO5z-o3HRDbHOzs453ysfMFrKFkQ/getUpdates "HTTP/1.1 200 OK"
2025-12-08 20:55:40,089 - httpx - INFO - HTTP Request: POST https://api.telegram.org/bot8353713232:AAH9c3MLO5z-o3HRDbHOzs453ysfMFrKFkQ/getUpdates "HTTP/1.1 200 OK"
2025-12-08 20:55:50,362 - httpx - INFO - HTTP Request: POST https://api.telegram.org/bot8353713232:AAH9c3MLO5z-o3HRDbHOzs453ysfMFrKFkQ/getUpdates "HTTP/1.1 200 OK"
2025-12-08 20:56:00,542 - httpx - INFO - HTTP Request: POST https://api.telegram.org/bot8353713232:AAH9c3MLO5z-o3HRDbHOzs453ysfMFrKFkQ/getUpdates "HTTP/1.1 200 OK"
2025-12-08 20:56:10,773 - httpx - INFO - HTTP Request: POST https://api.telegram.org/bot8353713232:AAH9c3MLO5z-o3HRDbHOzs453ysfMFrKFkQ/getUpdates "HTTP/1.1 200 OK"
2025-12-08 20:56:20,958 - httpx - INFO - HTTP Request: POST https://api.telegram.org/bot8353713232:AAH9c3MLO5z-o3HRDbHOzs453ysfMFrKFkQ/getUpdates "HTTP/1.1 200 OK"
2025-12-08 20:56:31,324 - httpx - INFO - HTTP Request: POST https://api.telegram.org/bot8353713232:AAH9c3MLO5z-o3HRDbHOzs453ysfMFrKFkQ/getUpdates "HTTP/1.1 200 OK"
2025-12-08 20:56:41,569 - httpx - INFO - HTTP Request: POST https://api.telegram.org/bot8353713232:AAH9c3MLO5z-o3HRDbHOzs453ysfMFrKFkQ/getUpdates "HTTP/1.1 200 OK"
2025-12-08 20:56:51,958 - httpx - INFO - HTTP Request: POST https://api.telegram.org/bot8353713232:AAH9c3MLO5z-o3HRDbHOzs453ysfMFrKFkQ/getUpdates "HTTP/1.1 200 OK"
2025-12-08 20:57:02,171 - httpx - INFO - HTTP Request: POST https://api.telegram.org/bot8353713232:AAH9c3MLO5z-o3HRDbHOzs453ysfMFrKFkQ/getUpdates "HTTP/1.1 200 OK"
2025-12-08 20:57:12,441 - httpx - INFO - HTTP Request: POST https://api.telegram.org/bot8353713232:AAH9c3MLO5z-o3HRDbHOzs453ysfMFrKFkQ/getUpdates "HTTP/1.1 200 OK"
2025-12-08 20:57:22,829 - httpx - INFO - HTTP Request: POST https://api.telegram.org/bot8353713232:AAH9c3MLO5z-o3HRDbHOzs453ysfMFrKFkQ/getUpdates "HTTP/1.1 200 OK"
2025-12-08 20:57:33,073 - httpx - INFO - HTTP Request: POST https://api.telegram.org/bot8353713232:AAH9c3MLO5z-o3HRDbHOzs453ysfMFrKFkQ/getUpdates "HTTP/1.1 200 OK"
2025-12-08 20:57:43,326 - httpx - INFO - HTTP Request: POST https://api.telegram.org/bot8353713232:AAH9c3MLO5z-o3HRDbHOzs453ysfMFrKFkQ/getUpdates "HTTP/1.1 200 OK"
2025-12-08 20:57:53,538 - httpx - INFO - HTTP Request: POST https://api.telegram.org/bot8353713232:AAH9c3MLO5z-o3HRDbHOzs453ysfMFrKFkQ/getUpdates "HTTP/1.1 200 OK"
2025-12-08 20:58:03,807 - httpx - INFO - HTTP Request: POST https://api.telegram.org/bot8353713232:AAH9c3MLO5z-o3HRDbHOzs453ysfMFrKFkQ/getUpdates "HTTP/1.1 200 OK"
2025-12-08 20:58:14,136 - httpx - INFO - HTTP Request: POST https://api.telegram.org/bot8353713232:AAH9c3MLO5z-o3HRDbHOzs453ysfMFrKFkQ/getUpdates "HTTP/1.1 200 OK"
2025-12-08 20:58:24,372 - httpx - INFO - HTTP Request: POST https://api.telegram.org/bot8353713232:AAH9c3MLO5z-o3HRDbHOzs453ysfMFrKFkQ/getUpdates "HTTP/1.1 200 OK"
2025-12-08 20:58:34,548 - httpx - INFO - HTTP Request: POST https://api.telegram.org/bot8353713232:AAH9c3MLO5z-o3HRDbHOzs453ysfMFrKFkQ/getUpdates "HTTP/1.1 200 OK"
2025-12-08 20:58:44,740 - httpx - INFO - HTTP Request: POST https://api.telegram.org/bot8353713232:AAH9c3MLO5z-o3HRDbHOzs453ysfMFrKFkQ/getUpdates "HTTP/1.1 200 OK"
2025-12-08 20:58:54,992 - httpx - INFO - HTTP Request: POST https://api.telegram.org/bot8353713232:AAH9c3MLO5z-o3HRDbHOzs453ysfMFrKFkQ/getUpdates "HTTP/1.1 200 OK"
2025-12-08 20:59:05,184 - httpx - INFO - HTTP Request: POST https://api.telegram.org/bot8353713232:AAH9c3MLO5z-o3HRDbHOzs453ysfMFrKFkQ/getUpdates "HTTP/1.1 200 OK"
2025-12-08 20:59:15,385 - httpx - INFO - HTTP Request: POST https://api.telegram.org/bot8353713232:AAH9c3MLO5z-o3HRDbHOzs453ysfMFrKFkQ/getUpdates "HTTP/1.1 200 OK"
2025-12-08 20:59:25,565 - httpx - INFO - HTTP Request: POST https://api.telegram.org/bot8353713232:AAH9c3MLO5z-o3HRDbHOzs453ysfMFrKFkQ/getUpdates "HTTP/1.1 200 OK"
2025-12-08 20:59:35,791 - httpx - INFO - HTTP Request: POST https://api.telegram.org/bot8353713232:AAH9c3MLO5z-o3HRDbHOzs453ysfMFrKFkQ/getUpdates "HTTP/1.1 200 OK"
2025-12-08 20:59:46,580 - httpx - INFO - HTTP Request: POST https://api.telegram.org/bot8353713232:AAH9c3MLO5z-o3HRDbHOzs453ysfMFrKFkQ/getUpdates "HTTP/1.1 200 OK"
2025-12-08 20:59:56,809 - httpx - INFO - HTTP Request: POST https://api.telegram.org/bot8353713232:AAH9c3MLO5z-o3HRDbHOzs453ysfMFrKFkQ/getUpdates "HTTP/1.1 200 OK"
2025-12-08 21:00:06,992 - httpx - INFO - HTTP Request: POST https://api.telegram.org/bot8353713232:AAH9c3MLO5z-o3HRDbHOzs453ysfMFrKFkQ/getUpdates "HTTP/1.1 200 OK"
2025-12-08 21:00:17,177 - httpx - INFO - HTTP Request: POST https://api.telegram.org/bot8353713232:AAH9c3MLO5z-o3HRDbHOzs453ysfMFrKFkQ/getUpdates "HTTP/1.1 200 OK"
2025-12-08 21:00:27,554 - httpx - INFO - HTTP Request: POST https://api.telegram.org/bot8353713232:AAH9c3MLO5z-o3HRDbHOzs453ysfMFrKFkQ/getUpdates "HTTP/1.1 200 OK"
2025-12-08 21:00:37,771 - httpx - INFO - HTTP Request: POST https://api.telegram.org/bot8353713232:AAH9c3MLO5z-o3HRDbHOzs453ysfMFrKFkQ/getUpdates "HTTP/1.1 200 OK"
2025-12-08 21:00:47,948 - httpx - INFO - HTTP Request: POST https://api.telegram.org/bot8353713232:AAH9c3MLO5z-o3HRDbHOzs453ysfMFrKFkQ/getUpdates "HTTP/1.1 200 OK"
2025-12-08 21:00:58,134 - httpx - INFO - HTTP Request: POST https://api.telegram.org/bot8353713232:AAH9c3MLO5z-o3HRDbHOzs453ysfMFrKFkQ/getUpdates "HTTP/1.1 200 OK"
2025-12-08 21:01:08,329 - httpx - INFO - HTTP Request: POST https://api.telegram.org/bot8353713232:AAH9c3MLO5z-o3HRDbHOzs453ysfMFrKFkQ/getUpdates "HTTP/1.1 200 OK"
2025-12-08 21:01:18,514 - httpx - INFO - HTTP Request: POST https://api.telegram.org/bot8353713232:AAH9c3MLO5z-o3HRDbHOzs453ysfMFrKFkQ/getUpdates "HTTP/1.1 200 OK"
2025-12-08 21:01:28,839 - httpx - INFO - HTTP Request: POST https://api.telegram.org/bot8353713232:AAH9c3MLO5z-o3HRDbHOzs453ysfMFrKFkQ/getUpdates "HTTP/1.1 200 OK"
2025-12-08 21:01:39,106 - httpx - INFO - HTTP Request: POST https://api.telegram.org/bot8353713232:AAH9c3MLO5z-o3HRDbHOzs453ysfMFrKFkQ/getUpdates "HTTP/1.1 200 OK"
2025-12-08 21:01:49,285 - httpx - INFO - HTTP Request: POST https://api.telegram.org/bot8353713232:AAH9c3MLO5z-o3HRDbHOzs453ysfMFrKFkQ/getUpdates "HTTP/1.1 200 OK"
2025-12-08 21:01:59,573 - httpx - INFO - HTTP Request: POST https://api.telegram.org/bot8353713232:AAH9c3MLO5z-o3HRDbHOzs453ysfMFrKFkQ/getUpdates "HTTP/1.1 200 OK"
2025-12-08 21:02:09,860 - httpx - INFO - HTTP Request: POST https://api.telegram.org/bot8353713232:AAH9c3MLO5z-o3HRDbHOzs453ysfMFrKFkQ/getUpdates "HTTP/1.1 200 OK"
2025-12-08 21:02:20,057 - httpx - INFO - HTTP Request: POST https://api.telegram.org/bot8353713232:AAH9c3MLO5z-o3HRDbHOzs453ysfMFrKFkQ/getUpdates "HTTP/1.1 200 OK"
2025-12-08 21:02:30,302 - httpx - INFO - HTTP Request: POST https://api.telegram.org/bot8353713232:AAH9c3MLO5z-o3HRDbHOzs453ysfMFrKFkQ/getUpdates "HTTP/1.1 200 OK"
2025-12-08 21:02:40,527 - httpx - INFO - HTTP Request: POST https://api.telegram.org/bot8353713232:AAH9c3MLO5z-o3HRDbHOzs453ysfMFrKFkQ/getUpdates "HTTP/1.1 200 OK"
2025-12-08 21:02:50,715 - httpx - INFO - HTTP Request: POST https://api.telegram.org/bot8353713232:AAH9c3MLO5z-o3HRDbHOzs453ysfMFrKFkQ/getUpdates "HTTP/1.1 200 OK"
2025-12-08 21:03:00,986 - httpx - INFO - HTTP Request: POST https://api.telegram.org/bot8353713232:AAH9c3MLO5z-o3HRDbHOzs453ysfMFrKFkQ/getUpdates "HTTP/1.1 200 OK"
2025-12-08 21:03:11,160 - httpx - INFO - HTTP Request: POST https://api.telegram.org/bot8353713232:AAH9c3MLO5z-o3HRDbHOzs453ysfMFrKFkQ/getUpdates "HTTP/1.1 200 OK"
2025-12-08 21:03:21,353 - httpx - INFO - HTTP Request: POST https://api.telegram.org/bot8353713232:AAH9c3MLO5z-o3HRDbHOzs453ysfMFrKFkQ/getUpdates "HTTP/1.1 200 OK"
2025-12-08 21:03:31,555 - httpx - INFO - HTTP Request: POST https://api.telegram.org/bot8353713232:AAH9c3MLO5z-o3HRDbHOzs453ysfMFrKFkQ/getUpdates "HTTP/1.1 200 OK"
2025-12-08 21:03:41,820 - httpx - INFO - HTTP Request: POST https://api.telegram.org/bot8353713232:AAH9c3MLO5z-o3HRDbHOzs453ysfMFrKFkQ/getUpdates "HTTP/1.1 200 OK"
2025-12-08 21:03:52,017 - httpx - INFO - HTTP Request: POST https://api.telegram.org/bot8353713232:AAH9c3MLO5z-o3HRDbHOzs453ysfMFrKFkQ/getUpdates "HTTP/1.1 200 OK"
2025-12-08 21:04:02,266 - httpx - INFO - HTTP Request: POST https://api.telegram.org/bot8353713232:AAH9c3MLO5z-o3HRDbHOzs453ysfMFrKFkQ/getUpdates "HTTP/1.1 200 OK"
2025-12-08 21:04:12,488 - httpx - INFO - HTTP Request: POST https://api.telegram.org/bot8353713232:AAH9c3MLO5z-o3HRDbHOzs453ysfMFrKFkQ/getUpdates "HTTP/1.1 200 OK"
2025-12-08 21:04:22,662 - httpx - INFO - HTTP Request: POST https://api.telegram.org/bot8353713232:AAH9c3MLO5z-o3HRDbHOzs453ysfMFrKFkQ/getUpdates "HTTP/1.1 200 OK"
2025-12-08 21:04:33,120 - httpx - INFO - HTTP Request: POST https://api.telegram.org/bot8353713232:AAH9c3MLO5z-o3HRDbHOzs453ysfMFrKFkQ/getUpdates "HTTP/1.1 200 OK"
2025-12-08 21:04:43,357 - httpx - INFO - HTTP Request: POST https://api.telegram.org/bot8353713232:AAH9c3MLO5z-o3HRDbHOzs453ysfMFrKFkQ/getUpdates "HTTP/1.1 200 OK"
2025-12-08 21:04:53,602 - httpx - INFO - HTTP Request: POST https://api.telegram.org/bot8353713232:AAH9c3MLO5z-o3HRDbHOzs453ysfMFrKFkQ/getUpdates "HTTP/1.1 200 OK"
2025-12-08 21:05:01,762 - httpx - INFO - HTTP Request: POST https://api.telegram.org/bot8353713232:AAH9c3MLO5z-o3HRDbHOzs453ysfMFrKFkQ/getUpdates "HTTP/1.1 200 OK"
2025-12-08 21:05:01,770 - telegram.ext.Application - INFO - Application is stopping. This might take a moment.
2025-12-08 21:05:01,774 - telegram.ext.Application - INFO - Application.stop() complete
